<?xml version="1.0" encoding="UTF-8"?>
<robot generator="Robot 7.0 (Python 3.12.3 on win32)" generated="2026-03-16T14:48:37.429126" rpa="false" schemaversion="5">
<suite id="s1" name="CreateNewCustomer Ind test" source="D:\Kaiwan H (Guy) - BackUp\Kaiwan H (Guy) - BackUp\Automated\AutoEasy_Robot_Preprod\tests\CreateNewCustomer_Ind_test.robot">
<kw name="Open Browser And Login" owner="keywords" type="SETUP">
<kw name="Open Browser" owner="SeleniumLibrary">
<msg time="2026-03-16T14:48:37.909907" level="INFO">Opening browser 'Chrome' to base url 'https://autoeasy.isuzu-dealers.com:2443/AutoEasy.Web/account/Login'.</msg>
<arg>${URL}</arg>
<arg>${BROWSER}</arg>
<doc>Opens a new browser instance to the optional ``url``.</doc>
<status status="PASS" start="2026-03-16T14:48:37.909907" elapsed="7.025115"/>
</kw>
<kw name="Maximize Browser Window" owner="SeleniumLibrary">
<doc>Maximizes current browser window.</doc>
<status status="PASS" start="2026-03-16T14:48:44.935022" elapsed="0.043467"/>
</kw>
<kw name="Execute Javascript" owner="SeleniumLibrary">
<msg time="2026-03-16T14:48:44.978997" level="INFO">Executing JavaScript:
document.body.style.zoom='80%'
Without any arguments.</msg>
<arg>document.body.style.zoom='80%'</arg>
<doc>Executes the given JavaScript code with possible arguments.</doc>
<status status="PASS" start="2026-03-16T14:48:44.978997" elapsed="0.009004"/>
</kw>
<kw name="Login AutoEasy" owner="login_page">
<kw name="Select Language English" owner="login_page">
<kw name="Click Element" owner="SeleniumLibrary">
<msg time="2026-03-16T14:48:44.989006" level="INFO">Clicking element 'id=select2-SelectedLanguageCode-container'.</msg>
<arg>${ddl_language}</arg>
<doc>Click the element identified by ``locator``.</doc>
<status status="PASS" start="2026-03-16T14:48:44.989006" elapsed="0.098667"/>
</kw>
<kw name="Click Element" owner="SeleniumLibrary">
<msg time="2026-03-16T14:48:45.087673" level="INFO">Clicking element 'xpath=//li[contains(text(),'English')]'.</msg>
<arg>xpath=//li[contains(text(),'English')]</arg>
<doc>Click the element identified by ``locator``.</doc>
<status status="PASS" start="2026-03-16T14:48:45.087673" elapsed="0.056306"/>
</kw>
<status status="PASS" start="2026-03-16T14:48:44.989006" elapsed="0.156158"/>
</kw>
<kw name="Input Username" owner="login_page">
<kw name="Wait Until Element Is Visible" owner="SeleniumLibrary">
<arg>${txt_username}</arg>
<arg>10s</arg>
<doc>Waits until the element ``locator`` is visible.</doc>
<status status="PASS" start="2026-03-16T14:48:45.145164" elapsed="0.027971"/>
</kw>
<kw name="Input Text" owner="SeleniumLibrary">
<msg time="2026-03-16T14:48:45.173135" level="INFO">Typing text 'TISU10467' into text field 'id=UserName'.</msg>
<arg>${txt_username}</arg>
<arg>${username}</arg>
<doc>Types the given ``text`` into the text field identified by ``locator``.</doc>
<status status="PASS" start="2026-03-16T14:48:45.173135" elapsed="0.109164"/>
</kw>
<arg>${username}</arg>
<status status="PASS" start="2026-03-16T14:48:45.145164" elapsed="0.137135"/>
</kw>
<kw name="Input Password" owner="login_page">
<kw name="Input Text" owner="SeleniumLibrary">
<msg time="2026-03-16T14:48:45.284335" level="INFO">Typing text 'Init123456' into text field 'id=Password'.</msg>
<arg>${txt_password}</arg>
<arg>${password}</arg>
<doc>Types the given ``text`` into the text field identified by ``locator``.</doc>
<status status="PASS" start="2026-03-16T14:48:45.283353" elapsed="0.076557"/>
</kw>
<arg>${password}</arg>
<status status="PASS" start="2026-03-16T14:48:45.283353" elapsed="0.077595"/>
</kw>
<kw name="Select Branch" owner="login_page">
<kw name="Wait Until Element Is Visible" owner="SeleniumLibrary">
<arg>${ddl_branch}</arg>
<arg>10s</arg>
<doc>Waits until the element ``locator`` is visible.</doc>
<status status="PASS" start="2026-03-16T14:48:45.360948" elapsed="0.240819"/>
</kw>
<kw name="Click Element" owner="SeleniumLibrary">
<msg time="2026-03-16T14:48:45.602787" level="INFO">Clicking element 'xpath=//span[@id='select2-SelectedBranchId-container']'.</msg>
<arg>${ddl_branch}</arg>
<doc>Click the element identified by ``locator``.</doc>
<status status="PASS" start="2026-03-16T14:48:45.602787" elapsed="0.063478"/>
</kw>
<kw name="Wait Until Element Is Visible" owner="SeleniumLibrary">
<arg>${txt_branch_search}</arg>
<arg>10s</arg>
<doc>Waits until the element ``locator`` is visible.</doc>
<status status="PASS" start="2026-03-16T14:48:45.666265" elapsed="0.015090"/>
</kw>
<kw name="Input Text" owner="SeleniumLibrary">
<msg time="2026-03-16T14:48:45.682397" level="INFO">Typing text 'เกาะแก้ว' into text field 'css=input.select2-search__field'.</msg>
<arg>${txt_branch_search}</arg>
<arg>${branch}</arg>
<doc>Types the given ``text`` into the text field identified by ``locator``.</doc>
<status status="PASS" start="2026-03-16T14:48:45.681355" elapsed="0.118699"/>
</kw>
<kw name="Wait Until Element Is Visible" owner="SeleniumLibrary">
<arg>${branch_first}</arg>
<arg>10s</arg>
<doc>Waits until the element ``locator`` is visible.</doc>
<status status="PASS" start="2026-03-16T14:48:45.800054" elapsed="0.017627"/>
</kw>
<kw name="Click Element" owner="SeleniumLibrary">
<msg time="2026-03-16T14:48:45.818708" level="INFO">Clicking element 'xpath=(//ul[@class='select2-results__options']//li)[1]'.</msg>
<arg>${branch_first}</arg>
<doc>Click the element identified by ``locator``.</doc>
<status status="PASS" start="2026-03-16T14:48:45.818708" elapsed="0.060244"/>
</kw>
<arg>${branch}</arg>
<status status="PASS" start="2026-03-16T14:48:45.360948" elapsed="0.518004"/>
</kw>
<kw name="Click Login" owner="login_page">
<kw name="Click Button" owner="SeleniumLibrary">
<msg time="2026-03-16T14:48:45.879954" level="INFO">Clicking button 'xpath=//button[@type='submit']'.</msg>
<arg>${btn_login}</arg>
<doc>Clicks the button identified by ``locator``.</doc>
<status status="PASS" start="2026-03-16T14:48:45.879954" elapsed="0.234799"/>
</kw>
<kw name="Sleep" owner="BuiltIn">
<msg time="2026-03-16T14:48:47.115066" level="INFO">Slept 1 second.</msg>
<arg>1</arg>
<doc>Pauses the test executed for the given time.</doc>
<status status="PASS" start="2026-03-16T14:48:46.114753" elapsed="1.000313"/>
</kw>
<status status="PASS" start="2026-03-16T14:48:45.878952" elapsed="1.236114"/>
</kw>
<kw name="Handle Confirm Popup" owner="login_page">
<kw name="Run Keyword And Return Status" owner="BuiltIn">
<kw name="Wait Until Element Is Visible" owner="SeleniumLibrary">
<arg>${popup_confirm}</arg>
<arg>3s</arg>
<doc>Waits until the element ``locator`` is visible.</doc>
<status status="PASS" start="2026-03-16T14:48:47.116082" elapsed="0.013744"/>
</kw>
<msg time="2026-03-16T14:48:47.129826" level="INFO">${popup} = True</msg>
<var>${popup}</var>
<arg>Wait Until Element Is Visible</arg>
<arg>${popup_confirm}</arg>
<arg>3s</arg>
<doc>Runs the given keyword with given arguments and returns the status as a Boolean value.</doc>
<status status="PASS" start="2026-03-16T14:48:47.115066" elapsed="0.014760"/>
</kw>
<if>
<branch type="IF" condition="${popup}">
<kw name="Click Element" owner="SeleniumLibrary">
<msg time="2026-03-16T14:48:47.129826" level="INFO">Clicking element 'id=btnYes'.</msg>
<arg>${btn_yes}</arg>
<doc>Click the element identified by ``locator``.</doc>
<status status="PASS" start="2026-03-16T14:48:47.129826" elapsed="0.066195"/>
</kw>
<kw name="Wait Until Element Is Visible" owner="SeleniumLibrary">
<arg>${txt_password}</arg>
<arg>10s</arg>
<doc>Waits until the element ``locator`` is visible.</doc>
<status status="PASS" start="2026-03-16T14:48:47.197055" elapsed="0.015874"/>
</kw>
<kw name="Input Text" owner="SeleniumLibrary">
<msg time="2026-03-16T14:48:47.213944" level="INFO">Typing text 'Init123456' into text field 'id=Password'.</msg>
<arg>${txt_password}</arg>
<arg>${password}</arg>
<doc>Types the given ``text`` into the text field identified by ``locator``.</doc>
<status status="PASS" start="2026-03-16T14:48:47.212929" elapsed="0.082493"/>
</kw>
<kw name="Click Button" owner="SeleniumLibrary">
<msg time="2026-03-16T14:48:47.295422" level="INFO">Clicking button 'xpath=//button[@type='submit']'.</msg>
<arg>${btn_login}</arg>
<doc>Clicks the button identified by ``locator``.</doc>
<status status="PASS" start="2026-03-16T14:48:47.295422" elapsed="0.398388"/>
</kw>
<status status="PASS" start="2026-03-16T14:48:47.129826" elapsed="0.563984"/>
</branch>
<status status="PASS" start="2026-03-16T14:48:47.129826" elapsed="0.563984"/>
</if>
<arg>${password}</arg>
<status status="PASS" start="2026-03-16T14:48:47.115066" elapsed="0.578744"/>
</kw>
<kw name="Sleep" owner="BuiltIn">
<msg time="2026-03-16T14:48:48.694483" level="INFO">Slept 1 second.</msg>
<arg>1</arg>
<doc>Pauses the test executed for the given time.</doc>
<status status="PASS" start="2026-03-16T14:48:47.693810" elapsed="1.000673"/>
</kw>
<kw name="Close Pop-up" owner="login_page">
<kw name="Run Keyword And Return Status" owner="BuiltIn">
<kw name="Element Should Be Visible" owner="SeleniumLibrary">
<msg time="2026-03-16T14:48:53.464027" level="INFO" html="true">&lt;/td&gt;&lt;/tr&gt;&lt;tr&gt;&lt;td colspan="3"&gt;&lt;a href="selenium-screenshot-1.png"&gt;&lt;img src="selenium-screenshot-1.png" width="800px"&gt;&lt;/a&gt;</msg>
<msg time="2026-03-16T14:48:53.464027" level="FAIL">Element with locator 'xpath=//*[@class="btn btn-sm btn-outline-dark"]' not found.</msg>
<arg>${btn_ok}</arg>
<doc>Verifies that the element identified by ``locator`` is visible.</doc>
<status status="FAIL" start="2026-03-16T14:48:48.694483" elapsed="4.781567">Element with locator 'xpath=//*[@class="btn btn-sm btn-outline-dark"]' not found.</status>
</kw>
<msg time="2026-03-16T14:48:53.476050" level="INFO">${popup} = False</msg>
<var>${popup}</var>
<arg>Element Should Be Visible</arg>
<arg>${btn_ok}</arg>
<doc>Runs the given keyword with given arguments and returns the status as a Boolean value.</doc>
<status status="PASS" start="2026-03-16T14:48:48.694483" elapsed="4.781567"/>
</kw>
<if>
<branch type="IF" condition="${popup}">
<kw name="Click Element" owner="SeleniumLibrary">
<arg>${btn_ok}</arg>
<doc>Click the element identified by ``locator``.</doc>
<status status="NOT RUN" start="2026-03-16T14:48:53.476050" elapsed="0.000000"/>
</kw>
<status status="NOT RUN" start="2026-03-16T14:48:53.476050" elapsed="0.000000"/>
</branch>
<status status="PASS" start="2026-03-16T14:48:53.476050" elapsed="0.000000"/>
</if>
<status status="PASS" start="2026-03-16T14:48:48.694483" elapsed="4.781567"/>
</kw>
<arg>${USERNAME}</arg>
<arg>${PASSWORD}</arg>
<arg>${BRANCH}</arg>
<status status="PASS" start="2026-03-16T14:48:44.988001" elapsed="8.488049"/>
</kw>
<status status="PASS" start="2026-03-16T14:48:37.909907" elapsed="15.566143"/>
</kw>
<test id="s1-t1" name="Goto CustomerMaster Screen" line="21">
<kw name="Goto CustomerMaster Screen" owner="Goto_CustomerMasterScreen">
<kw name="Handle Overlay Popup" owner="keywords">
<kw name="Run Keyword And Return Status" owner="BuiltIn">
<kw name="Wait Until Element Is Visible" owner="SeleniumLibrary">
<arg>xpath=//div[contains(@class,'dx-overlay-shader')]</arg>
<arg>3s</arg>
<doc>Waits until the element ``locator`` is visible.</doc>
<status status="PASS" start="2026-03-16T14:48:53.477560" elapsed="0.466454"/>
</kw>
<msg time="2026-03-16T14:48:53.944014" level="INFO">${popup} = True</msg>
<var>${popup}</var>
<arg>Wait Until Element Is Visible</arg>
<arg>xpath=//div[contains(@class,'dx-overlay-shader')]</arg>
<arg>3s</arg>
<doc>Runs the given keyword with given arguments and returns the status as a Boolean value.</doc>
<status status="PASS" start="2026-03-16T14:48:53.477560" elapsed="0.466454"/>
</kw>
<if>
<branch type="IF" condition="${popup}">
<kw name="Click Element" owner="SeleniumLibrary">
<msg time="2026-03-16T14:48:53.945015" level="INFO">Clicking element 'xpath=//*[@class="btn btn-sm btn-outline-dark"]'.</msg>
<arg>${btn_ok}</arg>
<doc>Click the element identified by ``locator``.</doc>
<status status="PASS" start="2026-03-16T14:48:53.945015" elapsed="0.194050"/>
</kw>
<status status="PASS" start="2026-03-16T14:48:53.945015" elapsed="0.194050"/>
</branch>
<status status="PASS" start="2026-03-16T14:48:53.945015" elapsed="0.195045"/>
</if>
<status status="PASS" start="2026-03-16T14:48:53.477560" elapsed="0.662500"/>
</kw>
<kw name="Wait Until Element Is Visible" owner="SeleniumLibrary">
<arg>${btn_CommonMasters}</arg>
<arg>10s</arg>
<doc>Waits until the element ``locator`` is visible.</doc>
<status status="PASS" start="2026-03-16T14:48:54.140060" elapsed="0.033658"/>
</kw>
<kw name="Click Sidebar Menu" owner="keywords">
<kw name="Get WebElement" owner="SeleniumLibrary">
<msg time="2026-03-16T14:48:54.182274" level="INFO">${el} = &lt;selenium.webdriver.remote.webelement.WebElement (session="9b6d7fd8dc72270467691bca14007128", element="f.FDB6A8871B3E3E8C9913DE9A48613E39.d.36B6A4C5EC0D6B68A1706EF224AC854A.e.84")&gt;</msg>
<var>${el}</var>
<arg>${locator}</arg>
<doc>Returns the first WebElement matching the given ``locator``.</doc>
<status status="PASS" start="2026-03-16T14:48:54.173718" elapsed="0.008556"/>
</kw>
<kw name="Execute Javascript" owner="SeleniumLibrary">
<msg time="2026-03-16T14:48:54.183269" level="INFO">Executing JavaScript:
arguments[0].scrollIntoView({block:'center'});
By using argument:
'&lt;selenium.webdriver.remote.webelement.WebElement (session="9b6d7fd8dc72270467691bca14007128", element="f.FDB6A8871B3E3E8C9913DE9A48613E39.d.36B6A4C5EC0D6B68A1706EF224AC854A.e.84")&gt;'</msg>
<arg>arguments[0].scrollIntoView({block:'center'});</arg>
<arg>ARGUMENTS</arg>
<arg>${el}</arg>
<doc>Executes the given JavaScript code with possible arguments.</doc>
<status status="PASS" start="2026-03-16T14:48:54.182274" elapsed="0.007514"/>
</kw>
<kw name="Wait Until Element Is Visible" owner="SeleniumLibrary">
<arg>${locator}</arg>
<arg>10s</arg>
<doc>Waits until the element ``locator`` is visible.</doc>
<status status="PASS" start="2026-03-16T14:48:54.189788" elapsed="0.017993"/>
</kw>
<kw name="Click Element" owner="SeleniumLibrary">
<msg time="2026-03-16T14:48:54.207781" level="INFO">Clicking element 'xpath=//span[normalize-space()='Common Masters']'.</msg>
<arg>${locator}</arg>
<doc>Click the element identified by ``locator``.</doc>
<status status="PASS" start="2026-03-16T14:48:54.207781" elapsed="0.118011"/>
</kw>
<arg>${btn_CommonMasters}</arg>
<status status="PASS" start="2026-03-16T14:48:54.173718" elapsed="0.152074"/>
</kw>
<kw name="Wait Until Element Is Visible" owner="SeleniumLibrary">
<arg>${btn_Customer}</arg>
<arg>10s</arg>
<doc>Waits until the element ``locator`` is visible.</doc>
<status status="PASS" start="2026-03-16T14:48:54.325792" elapsed="0.249185"/>
</kw>
<kw name="Click Sidebar Menu" owner="keywords">
<kw name="Get WebElement" owner="SeleniumLibrary">
<msg time="2026-03-16T14:48:54.605996" level="INFO">${el} = &lt;selenium.webdriver.remote.webelement.WebElement (session="9b6d7fd8dc72270467691bca14007128", element="f.FDB6A8871B3E3E8C9913DE9A48613E39.d.36B6A4C5EC0D6B68A1706EF224AC854A.e.114")&gt;</msg>
<var>${el}</var>
<arg>${locator}</arg>
<doc>Returns the first WebElement matching the given ``locator``.</doc>
<status status="PASS" start="2026-03-16T14:48:54.574977" elapsed="0.032019"/>
</kw>
<kw name="Execute Javascript" owner="SeleniumLibrary">
<msg time="2026-03-16T14:48:54.607999" level="INFO">Executing JavaScript:
arguments[0].scrollIntoView({block:'center'});
By using argument:
'&lt;selenium.webdriver.remote.webelement.WebElement (session="9b6d7fd8dc72270467691bca14007128", element="f.FDB6A8871B3E3E8C9913DE9A48613E39.d.36B6A4C5EC0D6B68A1706EF224AC854A.e.114")&gt;'</msg>
<arg>arguments[0].scrollIntoView({block:'center'});</arg>
<arg>ARGUMENTS</arg>
<arg>${el}</arg>
<doc>Executes the given JavaScript code with possible arguments.</doc>
<status status="PASS" start="2026-03-16T14:48:54.606996" elapsed="0.008026"/>
</kw>
<kw name="Wait Until Element Is Visible" owner="SeleniumLibrary">
<arg>${locator}</arg>
<arg>10s</arg>
<doc>Waits until the element ``locator`` is visible.</doc>
<status status="PASS" start="2026-03-16T14:48:54.615022" elapsed="0.018025"/>
</kw>
<kw name="Click Element" owner="SeleniumLibrary">
<msg time="2026-03-16T14:48:54.634048" level="INFO">Clicking element 'xpath=//span[normalize-space()='Customer']'.</msg>
<arg>${locator}</arg>
<doc>Click the element identified by ``locator``.</doc>
<status status="PASS" start="2026-03-16T14:48:54.633047" elapsed="0.090743"/>
</kw>
<arg>${btn_Customer}</arg>
<status status="PASS" start="2026-03-16T14:48:54.574977" elapsed="0.148813"/>
</kw>
<kw name="Wait Until Element Is Visible" owner="SeleniumLibrary">
<arg>${btn_CustomerMaster}</arg>
<arg>10s</arg>
<doc>Waits until the element ``locator`` is visible.</doc>
<status status="PASS" start="2026-03-16T14:48:54.723790" elapsed="0.243141"/>
</kw>
<kw name="Click Sidebar Menu" owner="keywords">
<kw name="Get WebElement" owner="SeleniumLibrary">
<msg time="2026-03-16T14:48:54.974939" level="INFO">${el} = &lt;selenium.webdriver.remote.webelement.WebElement (session="9b6d7fd8dc72270467691bca14007128", element="f.FDB6A8871B3E3E8C9913DE9A48613E39.d.36B6A4C5EC0D6B68A1706EF224AC854A.e.116")&gt;</msg>
<var>${el}</var>
<arg>${locator}</arg>
<doc>Returns the first WebElement matching the given ``locator``.</doc>
<status status="PASS" start="2026-03-16T14:48:54.966931" elapsed="0.008008"/>
</kw>
<kw name="Execute Javascript" owner="SeleniumLibrary">
<msg time="2026-03-16T14:48:54.975937" level="INFO">Executing JavaScript:
arguments[0].scrollIntoView({block:'center'});
By using argument:
'&lt;selenium.webdriver.remote.webelement.WebElement (session="9b6d7fd8dc72270467691bca14007128", element="f.FDB6A8871B3E3E8C9913DE9A48613E39.d.36B6A4C5EC0D6B68A1706EF224AC854A.e.116")&gt;'</msg>
<arg>arguments[0].scrollIntoView({block:'center'});</arg>
<arg>ARGUMENTS</arg>
<arg>${el}</arg>
<doc>Executes the given JavaScript code with possible arguments.</doc>
<status status="PASS" start="2026-03-16T14:48:54.974939" elapsed="0.009505"/>
</kw>
<kw name="Wait Until Element Is Visible" owner="SeleniumLibrary">
<arg>${locator}</arg>
<arg>10s</arg>
<doc>Waits until the element ``locator`` is visible.</doc>
<status status="PASS" start="2026-03-16T14:48:54.985444" elapsed="0.022520"/>
</kw>
<kw name="Click Element" owner="SeleniumLibrary">
<msg time="2026-03-16T14:48:55.009003" level="INFO">Clicking element 'xpath=//span[normalize-space()='Customer Master']'.</msg>
<arg>${locator}</arg>
<doc>Click the element identified by ``locator``.</doc>
<status status="PASS" start="2026-03-16T14:48:55.009003" elapsed="0.084910"/>
</kw>
<arg>${btn_CustomerMaster}</arg>
<status status="PASS" start="2026-03-16T14:48:54.966931" elapsed="0.126982"/>
</kw>
<status status="PASS" start="2026-03-16T14:48:53.477560" elapsed="1.617354"/>
</kw>
<status status="PASS" start="2026-03-16T14:48:53.476050" elapsed="1.618864"/>
</test>
<test id="s1-t2" name="Input Customer Basic Info" line="24">
<kw name="Input Customer Basic Info" owner="customer_master_basicinfo_tab">
<kw name="Wait Until Element Is Visible" owner="SeleniumLibrary">
<arg>${BasicInfoTab}</arg>
<arg>10s</arg>
<doc>Waits until the element ``locator`` is visible.</doc>
<status status="PASS" start="2026-03-16T14:48:55.097275" elapsed="1.320383"/>
</kw>
<kw name="Get WebElement" owner="SeleniumLibrary">
<msg time="2026-03-16T14:48:56.430661" level="INFO">${el} = &lt;selenium.webdriver.remote.webelement.WebElement (session="9b6d7fd8dc72270467691bca14007128", element="f.FDB6A8871B3E3E8C9913DE9A48613E39.d.36B6A4C5EC0D6B68A1706EF224AC854A.e.212")&gt;</msg>
<var>${el}</var>
<arg>xpath=//dx-check-box[@id='IsAcknowledgePrivacyPolicy']</arg>
<doc>Returns the first WebElement matching the given ``locator``.</doc>
<status status="PASS" start="2026-03-16T14:48:56.418681" elapsed="0.011980"/>
</kw>
<kw name="Execute Javascript" owner="SeleniumLibrary">
<msg time="2026-03-16T14:48:56.431661" level="INFO">Executing JavaScript:
arguments[0].click();
By using argument:
'&lt;selenium.webdriver.remote.webelement.WebElement (session="9b6d7fd8dc72270467691bca14007128", element="f.FDB6A8871B3E3E8C9913DE9A48613E39.d.36B6A4C5EC0D6B68A1706EF224AC854A.e.212")&gt;'</msg>
<arg>arguments[0].click();</arg>
<arg>ARGUMENTS</arg>
<arg>${el}</arg>
<doc>Executes the given JavaScript code with possible arguments.</doc>
<status status="PASS" start="2026-03-16T14:48:56.431661" elapsed="0.031016"/>
</kw>
<kw name="Input Text" owner="SeleniumLibrary">
<msg time="2026-03-16T14:48:56.463676" level="INFO">Typing text 'นาย' into text field 'xpath=//dx-text-box[@formcontrolname='Salutation']//input'.</msg>
<arg>${Salutation}</arg>
<arg>${Variables_Salutation}</arg>
<doc>Types the given ``text`` into the text field identified by ``locator``.</doc>
<status status="PASS" start="2026-03-16T14:48:56.462677" elapsed="0.171215"/>
</kw>
<kw name="Press Keys" owner="SeleniumLibrary">
<msg time="2026-03-16T14:48:56.634892" level="INFO">Sending key(s) ('TAB',) to page.</msg>
<msg time="2026-03-16T14:48:56.634892" level="INFO">Pressing special key TAB to browser.</msg>
<msg time="2026-03-16T14:48:56.634892" level="INFO">Releasing special key TAB.</msg>
<arg>NONE</arg>
<arg>TAB</arg>
<doc>Simulates the user pressing key(s) to an element or on the active browser.</doc>
<status status="PASS" start="2026-03-16T14:48:56.634892" elapsed="0.057507"/>
</kw>
<kw name="Input Text" owner="SeleniumLibrary">
<msg time="2026-03-16T14:48:56.693064" level="INFO">Typing text 'สมชาย' into text field 'xpath=//dx-text-box[@formcontrolname='FirstName']//input'.</msg>
<arg>${FirstName}</arg>
<arg>${Variables_FirstName}</arg>
<doc>Types the given ``text`` into the text field identified by ``locator``.</doc>
<status status="PASS" start="2026-03-16T14:48:56.692399" elapsed="0.103508"/>
</kw>
<kw name="Press Keys" owner="SeleniumLibrary">
<msg time="2026-03-16T14:48:56.797302" level="INFO">Sending key(s) ('TAB',) to page.</msg>
<msg time="2026-03-16T14:48:56.797302" level="INFO">Pressing special key TAB to browser.</msg>
<msg time="2026-03-16T14:48:56.797302" level="INFO">Releasing special key TAB.</msg>
<arg>NONE</arg>
<arg>TAB</arg>
<doc>Simulates the user pressing key(s) to an element or on the active browser.</doc>
<status status="PASS" start="2026-03-16T14:48:56.795907" elapsed="0.069752"/>
</kw>
<kw name="Input Text" owner="SeleniumLibrary">
<msg time="2026-03-16T14:48:56.866659" level="INFO">Typing text 'ใจดี' into text field 'xpath=//dx-text-box[@formcontrolname='LastName']//input'.</msg>
<arg>${LastName}</arg>
<arg>${Variables_LastName}</arg>
<doc>Types the given ``text`` into the text field identified by ``locator``.</doc>
<status status="PASS" start="2026-03-16T14:48:56.866659" elapsed="0.087947"/>
</kw>
<kw name="Press Keys" owner="SeleniumLibrary">
<msg time="2026-03-16T14:48:56.955608" level="INFO">Sending key(s) ('TAB',) to page.</msg>
<msg time="2026-03-16T14:48:56.955608" level="INFO">Pressing special key TAB to browser.</msg>
<msg time="2026-03-16T14:48:56.955608" level="INFO">Releasing special key TAB.</msg>
<arg>NONE</arg>
<arg>TAB</arg>
<doc>Simulates the user pressing key(s) to an element or on the active browser.</doc>
<status status="PASS" start="2026-03-16T14:48:56.954606" elapsed="0.071324"/>
</kw>
<kw name="Select AutoComplete" owner="keywords">
<kw name="Input Text" owner="SeleniumLibrary">
<msg time="2026-03-16T14:48:57.026932" level="INFO">Typing text 'Female' into text field 'xpath=/html/body/app-root/app-home/div/main/div[1]/div/div/app-customer-master/div/form/mat-tab-group/div/mat-tab-body[1]/div/app-basic-info/form/div/div/div[1]/div[5]/div[1]/div[3]/dx-select-box/div[1]/div/div[1]/input'.</msg>
<arg>${locator}</arg>
<arg>${value}</arg>
<doc>Types the given ``text`` into the text field identified by ``locator``.</doc>
<status status="PASS" start="2026-03-16T14:48:57.026932" elapsed="0.085736"/>
</kw>
<kw name="Set Variable" owner="BuiltIn">
<msg time="2026-03-16T14:48:57.113667" level="INFO">${option} = xpath=//div[contains(@class,'dx-item-content') and contains(.,'Female')]</msg>
<var>${option}</var>
<arg>xpath=//div[contains(@class,'dx-item-content') and contains(.,'${value}')]</arg>
<doc>Returns the given values which can then be assigned to a variables.</doc>
<status status="PASS" start="2026-03-16T14:48:57.112668" elapsed="0.000999"/>
</kw>
<kw name="Wait Until Element Is Visible" owner="SeleniumLibrary">
<arg>${option}</arg>
<arg>5s</arg>
<doc>Waits until the element ``locator`` is visible.</doc>
<status status="PASS" start="2026-03-16T14:48:57.113667" elapsed="0.648413"/>
</kw>
<kw name="Click Element" owner="SeleniumLibrary">
<msg time="2026-03-16T14:48:57.763104" level="INFO">Clicking element 'xpath=//div[contains(@class,'dx-item-content') and contains(.,'Female')]'.</msg>
<arg>${option}</arg>
<doc>Click the element identified by ``locator``.</doc>
<status status="PASS" start="2026-03-16T14:48:57.762080" elapsed="0.087675"/>
</kw>
<arg>${Gender}</arg>
<arg>${Variables_Gender}</arg>
<status status="PASS" start="2026-03-16T14:48:57.026932" elapsed="0.822823"/>
</kw>
<kw name="Input Text" owner="SeleniumLibrary">
<msg time="2026-03-16T14:48:57.849755" level="INFO">Typing text '18/03/2540' into text field 'xpath=//*[@class="dx-texteditor-input input-medium th-calendar"]'.</msg>
<arg>${DateofBirth}</arg>
<arg>${Variables_DateofBirth}</arg>
<doc>Types the given ``text`` into the text field identified by ``locator``.</doc>
<status status="PASS" start="2026-03-16T14:48:57.849755" elapsed="0.350711"/>
</kw>
<kw name="Press Keys" owner="SeleniumLibrary">
<msg time="2026-03-16T14:48:58.202462" level="INFO">Sending key(s) ('TAB',) to page.</msg>
<msg time="2026-03-16T14:48:58.202462" level="INFO">Pressing special key TAB to browser.</msg>
<msg time="2026-03-16T14:48:58.202462" level="INFO">Releasing special key TAB.</msg>
<arg>NONE</arg>
<arg>TAB</arg>
<doc>Simulates the user pressing key(s) to an element or on the active browser.</doc>
<status status="PASS" start="2026-03-16T14:48:58.201470" elapsed="0.089454"/>
</kw>
<kw name="Generate Random Thai Personal ID" owner="keywords">
<kw name="Evaluate" owner="BuiltIn">
<msg time="2026-03-16T14:48:58.291922" level="INFO">${digits} = [0, 7, 6, 7, 2, 3, 9, 8, 6, 6, 5, 5]</msg>
<var>${digits}</var>
<arg>[random.randint(0,9) for _ in range(12)]</arg>
<arg>modules=random</arg>
<doc>Evaluates the given expression in Python and returns the result.</doc>
<status status="PASS" start="2026-03-16T14:48:58.291922" elapsed="0.000000"/>
</kw>
<kw name="Evaluate" owner="BuiltIn">
<msg time="2026-03-16T14:48:58.292903" level="INFO">${sum} = 452</msg>
<var>${sum}</var>
<arg>sum([(13-i)*d for i,d in enumerate($digits)])</arg>
<doc>Evaluates the given expression in Python and returns the result.</doc>
<status status="PASS" start="2026-03-16T14:48:58.291922" elapsed="0.000981"/>
</kw>
<kw name="Evaluate" owner="BuiltIn">
<msg time="2026-03-16T14:48:58.292903" level="INFO">${check} = 0</msg>
<var>${check}</var>
<arg>(11-($sum%11))%10</arg>
<doc>Evaluates the given expression in Python and returns the result.</doc>
<status status="PASS" start="2026-03-16T14:48:58.292903" elapsed="0.000000"/>
</kw>
<kw name="Evaluate" owner="BuiltIn">
<msg time="2026-03-16T14:48:58.293930" level="INFO">${pid} = 0767239866550</msg>
<var>${pid}</var>
<arg>''.join(map(str,$digits))+str($check)</arg>
<doc>Evaluates the given expression in Python and returns the result.</doc>
<status status="PASS" start="2026-03-16T14:48:58.292903" elapsed="0.001027"/>
</kw>
<return>
<value>${pid}</value>
<status status="PASS" start="2026-03-16T14:48:58.293930" elapsed="0.000000"/>
</return>
<msg time="2026-03-16T14:48:58.293930" level="INFO">${Random_PersonalId} = 0767239866550</msg>
<var>${Random_PersonalId}</var>
<status status="PASS" start="2026-03-16T14:48:58.290924" elapsed="0.003006"/>
</kw>
<kw name="Input Text" owner="SeleniumLibrary">
<msg time="2026-03-16T14:48:58.294906" level="INFO">Typing text '0767239866550' into text field 'xpath=//dx-text-box[@formcontrolname='PersonalId']//input'.</msg>
<arg>${PersonalId}</arg>
<arg>${Random_PersonalId}</arg>
<doc>Types the given ``text`` into the text field identified by ``locator``.</doc>
<status status="PASS" start="2026-03-16T14:48:58.293930" elapsed="0.131127"/>
</kw>
<kw name="Press Keys" owner="SeleniumLibrary">
<msg time="2026-03-16T14:48:58.425057" level="INFO">Sending key(s) ('TAB',) to page.</msg>
<msg time="2026-03-16T14:48:58.425057" level="INFO">Pressing special key TAB to browser.</msg>
<msg time="2026-03-16T14:48:58.425057" level="INFO">Releasing special key TAB.</msg>
<arg>NONE</arg>
<arg>TAB</arg>
<doc>Simulates the user pressing key(s) to an element or on the active browser.</doc>
<status status="PASS" start="2026-03-16T14:48:58.425057" elapsed="0.078592"/>
</kw>
<status status="PASS" start="2026-03-16T14:48:55.097275" elapsed="3.406374"/>
</kw>
<status status="PASS" start="2026-03-16T14:48:55.095918" elapsed="3.408732"/>
</test>
<test id="s1-t3" name="Input Customer Contact Details" line="27">
<kw name="Input Customer Contact Details" owner="customer_master_contactdetails_tab">
<kw name="Wait Until Element Is Not Visible" owner="SeleniumLibrary">
<arg>xpath=//*[@id="progress-indicator"]</arg>
<arg>20s</arg>
<doc>Waits until the element ``locator`` is not visible.</doc>
<status status="PASS" start="2026-03-16T14:48:58.506903" elapsed="0.235693"/>
</kw>
<kw name="Click Element" owner="SeleniumLibrary">
<msg time="2026-03-16T14:48:58.742596" level="INFO">Clicking element 'xpath=/html/body/app-root/app-home/div/main/div[1]/div/div/app-customer-master/div/form/mat-tab-group/mat-tab-header/div/div/div/div[2]'.</msg>
<arg>${ContactDetails}</arg>
<doc>Click the element identified by ``locator``.</doc>
<status status="PASS" start="2026-03-16T14:48:58.742596" elapsed="0.217353"/>
</kw>
<kw name="Generate Random Mobile Number" owner="keywords">
<kw name="Evaluate" owner="BuiltIn">
<msg time="2026-03-16T14:48:58.961351" level="INFO">${prefix} = 09</msg>
<var>${prefix}</var>
<arg>random.choice(['06','08','09'])</arg>
<arg>modules=random</arg>
<doc>Evaluates the given expression in Python and returns the result.</doc>
<status status="PASS" start="2026-03-16T14:48:58.959949" elapsed="0.001402"/>
</kw>
<kw name="Evaluate" owner="BuiltIn">
<msg time="2026-03-16T14:48:58.961351" level="INFO">${number} = 52916148</msg>
<var>${number}</var>
<arg>''.join([str(random.randint(0,9)) for _ in range(8)])</arg>
<arg>modules=random</arg>
<doc>Evaluates the given expression in Python and returns the result.</doc>
<status status="PASS" start="2026-03-16T14:48:58.961351" elapsed="0.000000"/>
</kw>
<kw name="Set Variable" owner="BuiltIn">
<msg time="2026-03-16T14:48:58.962428" level="INFO">${mobile} = 0952916148</msg>
<var>${mobile}</var>
<arg>${prefix}${number}</arg>
<doc>Returns the given values which can then be assigned to a variables.</doc>
<status status="PASS" start="2026-03-16T14:48:58.962428" elapsed="0.000000"/>
</kw>
<return>
<value>${mobile}</value>
<status status="PASS" start="2026-03-16T14:48:58.962428" elapsed="0.000000"/>
</return>
<msg time="2026-03-16T14:48:58.964436" level="INFO">${Random_Mobile} = 0952916148</msg>
<var>${Random_Mobile}</var>
<status status="PASS" start="2026-03-16T14:48:58.959949" elapsed="0.004487"/>
</kw>
<kw name="Input Text" owner="SeleniumLibrary">
<msg time="2026-03-16T14:48:58.964436" level="INFO">Typing text '0952916148' into text field 'xpath=/html/body/app-root/app-home/div/main/div[1]/div/div/app-customer-master/div/form/mat-tab-group/div/mat-tab-body[2]/div/app-contact-details/form/div/div/div/div[1]/div[1]/dx-text-box/div/div[1]/input'.</msg>
<arg>${MobilePhoneNo1}</arg>
<arg>${Random_Mobile}</arg>
<doc>Types the given ``text`` into the text field identified by ``locator``.</doc>
<status status="PASS" start="2026-03-16T14:48:58.964436" elapsed="0.548489"/>
</kw>
<kw name="Press Keys" owner="SeleniumLibrary">
<msg time="2026-03-16T14:48:59.512925" level="INFO">Sending key(s) ('TAB',) to page.</msg>
<msg time="2026-03-16T14:48:59.513924" level="INFO">Pressing special key TAB to browser.</msg>
<msg time="2026-03-16T14:48:59.513924" level="INFO">Releasing special key TAB.</msg>
<arg>NONE</arg>
<arg>TAB</arg>
<doc>Simulates the user pressing key(s) to an element or on the active browser.</doc>
<status status="PASS" start="2026-03-16T14:48:59.512925" elapsed="0.053011"/>
</kw>
<kw name="Select AutoComplete" owner="keywords">
<kw name="Input Text" owner="SeleniumLibrary">
<msg time="2026-03-16T14:48:59.566935" level="INFO">Typing text 'Mobile 1' into text field 'xpath=/html/body/app-root/app-home/div/main/div[1]/div/div/app-customer-master/div/form/mat-tab-group/div/mat-tab-body[2]/div/app-contact-details/form/div/div/div/div[5]/div[1]/dx-select-box/div[1]/div/div[1]/input'.</msg>
<arg>${locator}</arg>
<arg>${value}</arg>
<doc>Types the given ``text`` into the text field identified by ``locator``.</doc>
<status status="PASS" start="2026-03-16T14:48:59.565936" elapsed="0.157135"/>
</kw>
<kw name="Set Variable" owner="BuiltIn">
<msg time="2026-03-16T14:48:59.724068" level="INFO">${option} = xpath=//div[contains(@class,'dx-item-content') and contains(.,'Mobile 1')]</msg>
<var>${option}</var>
<arg>xpath=//div[contains(@class,'dx-item-content') and contains(.,'${value}')]</arg>
<doc>Returns the given values which can then be assigned to a variables.</doc>
<status status="PASS" start="2026-03-16T14:48:59.723071" elapsed="0.000997"/>
</kw>
<kw name="Wait Until Element Is Visible" owner="SeleniumLibrary">
<arg>${option}</arg>
<arg>5s</arg>
<doc>Waits until the element ``locator`` is visible.</doc>
<status status="PASS" start="2026-03-16T14:48:59.724068" elapsed="0.637588"/>
</kw>
<kw name="Click Element" owner="SeleniumLibrary">
<msg time="2026-03-16T14:49:00.361656" level="INFO">Clicking element 'xpath=//div[contains(@class,'dx-item-content') and contains(.,'Mobile 1')]'.</msg>
<arg>${option}</arg>
<doc>Click the element identified by ``locator``.</doc>
<status status="PASS" start="2026-03-16T14:49:00.361656" elapsed="0.089069"/>
</kw>
<arg>${PrimaryContactNo}</arg>
<arg>Mobile 1</arg>
<status status="PASS" start="2026-03-16T14:48:59.565936" elapsed="0.884789"/>
</kw>
<kw name="Select AutoComplete" owner="keywords">
<kw name="Input Text" owner="SeleniumLibrary">
<msg time="2026-03-16T14:49:00.451841" level="INFO">Typing text 'โทรศัพท์' into text field 'xpath=/html/body/app-root/app-home/div/main/div[1]/div/div/app-customer-master/div/form/mat-tab-group/div/mat-tab-body[2]/div/app-contact-details/form/div/div/div/div[5]/div[2]/dx-select-box/div[1]/div/div[1]/input'.</msg>
<arg>${locator}</arg>
<arg>${value}</arg>
<doc>Types the given ``text`` into the text field identified by ``locator``.</doc>
<status status="PASS" start="2026-03-16T14:49:00.451841" elapsed="0.188850"/>
</kw>
<kw name="Set Variable" owner="BuiltIn">
<msg time="2026-03-16T14:49:00.640691" level="INFO">${option} = xpath=//div[contains(@class,'dx-item-content') and contains(.,'โทรศัพท์')]</msg>
<var>${option}</var>
<arg>xpath=//div[contains(@class,'dx-item-content') and contains(.,'${value}')]</arg>
<doc>Returns the given values which can then be assigned to a variables.</doc>
<status status="PASS" start="2026-03-16T14:49:00.640691" elapsed="0.000000"/>
</kw>
<kw name="Wait Until Element Is Visible" owner="SeleniumLibrary">
<arg>${option}</arg>
<arg>5s</arg>
<doc>Waits until the element ``locator`` is visible.</doc>
<status status="PASS" start="2026-03-16T14:49:00.640691" elapsed="0.646450"/>
</kw>
<kw name="Click Element" owner="SeleniumLibrary">
<msg time="2026-03-16T14:49:01.288564" level="INFO">Clicking element 'xpath=//div[contains(@class,'dx-item-content') and contains(.,'โทรศัพท์')]'.</msg>
<arg>${option}</arg>
<doc>Click the element identified by ``locator``.</doc>
<status status="PASS" start="2026-03-16T14:49:01.288564" elapsed="0.066256"/>
</kw>
<arg>${PreferredContactChannel}</arg>
<arg>โทรศัพท์</arg>
<status status="PASS" start="2026-03-16T14:49:00.450725" elapsed="0.904095"/>
</kw>
<status status="PASS" start="2026-03-16T14:48:58.506903" elapsed="2.848919"/>
</kw>
<status status="PASS" start="2026-03-16T14:48:58.505891" elapsed="2.849931"/>
</test>
<test id="s1-t4" name="Input Customer Address Info" line="30">
<kw name="Input Customer Address Info" owner="customer_master_addressinfo_tab">
<kw name="Click Safe" owner="keywords">
<kw name="Wait Until Keyword Succeeds" owner="BuiltIn">
<kw name="Click Element" owner="SeleniumLibrary">
<msg time="2026-03-16T14:49:01.358819" level="INFO">Clicking element 'xpath=/html/body/app-root/app-home/div/main/div[1]/div/div/app-customer-master/div/form/mat-tab-group/mat-tab-header/div/div/div/div[3]'.</msg>
<arg>${locator}</arg>
<doc>Click the element identified by ``locator``.</doc>
<status status="PASS" start="2026-03-16T14:49:01.358819" elapsed="0.242206"/>
</kw>
<arg>10s</arg>
<arg>1s</arg>
<arg>Click Element</arg>
<arg>${locator}</arg>
<doc>Runs the specified keyword and retries if it fails.</doc>
<status status="PASS" start="2026-03-16T14:49:01.357821" elapsed="0.243204"/>
</kw>
<arg>${btn_AddressInfo_tab}</arg>
<status status="PASS" start="2026-03-16T14:49:01.357821" elapsed="0.243204"/>
</kw>
<kw name="Wait Until Element Is Visible" owner="SeleniumLibrary">
<arg>${AddressInfo_HouseNo}</arg>
<arg>10s</arg>
<doc>Waits until the element ``locator`` is visible.</doc>
<status status="PASS" start="2026-03-16T14:49:01.601025" elapsed="0.015261"/>
</kw>
<kw name="Input Safe Text" owner="keywords">
<kw name="Wait Until Keyword Succeeds" owner="BuiltIn">
<kw name="Input Text" owner="SeleniumLibrary">
<msg time="2026-03-16T14:49:01.617765" level="INFO">Typing text '67' into text field 'xpath=/html/body/app-root/app-home/div/main/div[1]/div/div/app-customer-master/div/form/mat-tab-group/div/mat-tab-body[3]/div/app-address-info/form/div/div/div/div[1]/div[1]/dx-text-box/div/div[1]/input'.</msg>
<arg>${locator}</arg>
<arg>${value}</arg>
<doc>Types the given ``text`` into the text field identified by ``locator``.</doc>
<status status="PASS" start="2026-03-16T14:49:01.617765" elapsed="0.131920"/>
</kw>
<arg>10s</arg>
<arg>1s</arg>
<arg>Input Text</arg>
<arg>${locator}</arg>
<arg>${value}</arg>
<doc>Runs the specified keyword and retries if it fails.</doc>
<status status="PASS" start="2026-03-16T14:49:01.617765" elapsed="0.131920"/>
</kw>
<arg>${AddressInfo_HouseNo}</arg>
<arg>67</arg>
<status status="PASS" start="2026-03-16T14:49:01.616286" elapsed="0.133399"/>
</kw>
<kw name="Safe Tab" owner="keywords">
<kw name="Wait Until Keyword Succeeds" owner="BuiltIn">
<kw name="Press Keys" owner="SeleniumLibrary">
<msg time="2026-03-16T14:49:01.751683" level="INFO">Sending key(s) ('TAB',) to page.</msg>
<msg time="2026-03-16T14:49:01.751683" level="INFO">Pressing special key TAB to browser.</msg>
<msg time="2026-03-16T14:49:01.751683" level="INFO">Releasing special key TAB.</msg>
<arg>NONE</arg>
<arg>TAB</arg>
<doc>Simulates the user pressing key(s) to an element or on the active browser.</doc>
<status status="PASS" start="2026-03-16T14:49:01.750683" elapsed="0.047045"/>
</kw>
<arg>5s</arg>
<arg>500ms</arg>
<arg>Press Keys</arg>
<arg>NONE</arg>
<arg>TAB</arg>
<doc>Runs the specified keyword and retries if it fails.</doc>
<status status="PASS" start="2026-03-16T14:49:01.750683" elapsed="0.048484"/>
</kw>
<status status="PASS" start="2026-03-16T14:49:01.750683" elapsed="0.048484"/>
</kw>
<kw name="Clear Safe Text" owner="keywords">
<kw name="Wait Until Keyword Succeeds" owner="BuiltIn">
<kw name="Clear Element Text" owner="SeleniumLibrary">
<arg>${locator}</arg>
<doc>Clears the value of the text-input-element identified by ``locator``.</doc>
<status status="PASS" start="2026-03-16T14:49:01.800176" elapsed="0.029828"/>
</kw>
<arg>10s</arg>
<arg>1s</arg>
<arg>Clear Element Text</arg>
<arg>${locator}</arg>
<doc>Runs the specified keyword and retries if it fails.</doc>
<status status="PASS" start="2026-03-16T14:49:01.799167" elapsed="0.030837"/>
</kw>
<arg>${AddressInfo_Address}</arg>
<status status="PASS" start="2026-03-16T14:49:01.799167" elapsed="0.030837"/>
</kw>
<kw name="Safe Tab" owner="keywords">
<kw name="Wait Until Keyword Succeeds" owner="BuiltIn">
<kw name="Press Keys" owner="SeleniumLibrary">
<msg time="2026-03-16T14:49:01.831037" level="INFO">Sending key(s) ('TAB',) to page.</msg>
<msg time="2026-03-16T14:49:01.831037" level="INFO">Pressing special key TAB to browser.</msg>
<msg time="2026-03-16T14:49:01.831037" level="INFO">Releasing special key TAB.</msg>
<arg>NONE</arg>
<arg>TAB</arg>
<doc>Simulates the user pressing key(s) to an element or on the active browser.</doc>
<status status="PASS" start="2026-03-16T14:49:01.831037" elapsed="0.023486"/>
</kw>
<arg>5s</arg>
<arg>500ms</arg>
<arg>Press Keys</arg>
<arg>NONE</arg>
<arg>TAB</arg>
<doc>Runs the specified keyword and retries if it fails.</doc>
<status status="PASS" start="2026-03-16T14:49:01.831037" elapsed="0.023486"/>
</kw>
<status status="PASS" start="2026-03-16T14:49:01.830004" elapsed="0.024519"/>
</kw>
<kw name="Clear Safe Text" owner="keywords">
<kw name="Wait Until Keyword Succeeds" owner="BuiltIn">
<kw name="Clear Element Text" owner="SeleniumLibrary">
<arg>${locator}</arg>
<doc>Clears the value of the text-input-element identified by ``locator``.</doc>
<status status="PASS" start="2026-03-16T14:49:01.854523" elapsed="0.029066"/>
</kw>
<arg>10s</arg>
<arg>1s</arg>
<arg>Clear Element Text</arg>
<arg>${locator}</arg>
<doc>Runs the specified keyword and retries if it fails.</doc>
<status status="PASS" start="2026-03-16T14:49:01.854523" elapsed="0.029066"/>
</kw>
<arg>${AddressInfo_RoomNo}</arg>
<status status="PASS" start="2026-03-16T14:49:01.854523" elapsed="0.029066"/>
</kw>
<kw name="Safe Tab" owner="keywords">
<kw name="Wait Until Keyword Succeeds" owner="BuiltIn">
<kw name="Press Keys" owner="SeleniumLibrary">
<msg time="2026-03-16T14:49:01.884610" level="INFO">Sending key(s) ('TAB',) to page.</msg>
<msg time="2026-03-16T14:49:01.884610" level="INFO">Pressing special key TAB to browser.</msg>
<msg time="2026-03-16T14:49:01.884610" level="INFO">Releasing special key TAB.</msg>
<arg>NONE</arg>
<arg>TAB</arg>
<doc>Simulates the user pressing key(s) to an element or on the active browser.</doc>
<status status="PASS" start="2026-03-16T14:49:01.884610" elapsed="0.023182"/>
</kw>
<arg>5s</arg>
<arg>500ms</arg>
<arg>Press Keys</arg>
<arg>NONE</arg>
<arg>TAB</arg>
<doc>Runs the specified keyword and retries if it fails.</doc>
<status status="PASS" start="2026-03-16T14:49:01.883589" elapsed="0.024203"/>
</kw>
<status status="PASS" start="2026-03-16T14:49:01.883589" elapsed="0.024203"/>
</kw>
<kw name="Clear Safe Text" owner="keywords">
<kw name="Wait Until Keyword Succeeds" owner="BuiltIn">
<kw name="Clear Element Text" owner="SeleniumLibrary">
<arg>${locator}</arg>
<doc>Clears the value of the text-input-element identified by ``locator``.</doc>
<status status="PASS" start="2026-03-16T14:49:01.908800" elapsed="0.040071"/>
</kw>
<arg>10s</arg>
<arg>1s</arg>
<arg>Clear Element Text</arg>
<arg>${locator}</arg>
<doc>Runs the specified keyword and retries if it fails.</doc>
<status status="PASS" start="2026-03-16T14:49:01.908800" elapsed="0.040071"/>
</kw>
<arg>${AddressInfo_Building}</arg>
<status status="PASS" start="2026-03-16T14:49:01.908800" elapsed="0.040071"/>
</kw>
<kw name="Safe Tab" owner="keywords">
<kw name="Wait Until Keyword Succeeds" owner="BuiltIn">
<kw name="Press Keys" owner="SeleniumLibrary">
<msg time="2026-03-16T14:49:01.949847" level="INFO">Sending key(s) ('TAB',) to page.</msg>
<msg time="2026-03-16T14:49:01.949847" level="INFO">Pressing special key TAB to browser.</msg>
<msg time="2026-03-16T14:49:01.949847" level="INFO">Releasing special key TAB.</msg>
<arg>NONE</arg>
<arg>TAB</arg>
<doc>Simulates the user pressing key(s) to an element or on the active browser.</doc>
<status status="PASS" start="2026-03-16T14:49:01.949847" elapsed="0.034698"/>
</kw>
<arg>5s</arg>
<arg>500ms</arg>
<arg>Press Keys</arg>
<arg>NONE</arg>
<arg>TAB</arg>
<doc>Runs the specified keyword and retries if it fails.</doc>
<status status="PASS" start="2026-03-16T14:49:01.948871" elapsed="0.035674"/>
</kw>
<status status="PASS" start="2026-03-16T14:49:01.948871" elapsed="0.036675"/>
</kw>
<kw name="Clear Safe Text" owner="keywords">
<kw name="Wait Until Keyword Succeeds" owner="BuiltIn">
<kw name="Clear Element Text" owner="SeleniumLibrary">
<arg>${locator}</arg>
<doc>Clears the value of the text-input-element identified by ``locator``.</doc>
<status status="PASS" start="2026-03-16T14:49:01.986546" elapsed="0.031516"/>
</kw>
<arg>10s</arg>
<arg>1s</arg>
<arg>Clear Element Text</arg>
<arg>${locator}</arg>
<doc>Runs the specified keyword and retries if it fails.</doc>
<status status="PASS" start="2026-03-16T14:49:01.985546" elapsed="0.032516"/>
</kw>
<arg>${AddressInfo_Village}</arg>
<status status="PASS" start="2026-03-16T14:49:01.985546" elapsed="0.032516"/>
</kw>
<kw name="Safe Tab" owner="keywords">
<kw name="Wait Until Keyword Succeeds" owner="BuiltIn">
<kw name="Press Keys" owner="SeleniumLibrary">
<msg time="2026-03-16T14:49:02.019080" level="INFO">Sending key(s) ('TAB',) to page.</msg>
<msg time="2026-03-16T14:49:02.019080" level="INFO">Pressing special key TAB to browser.</msg>
<msg time="2026-03-16T14:49:02.019080" level="INFO">Releasing special key TAB.</msg>
<arg>NONE</arg>
<arg>TAB</arg>
<doc>Simulates the user pressing key(s) to an element or on the active browser.</doc>
<status status="PASS" start="2026-03-16T14:49:02.019080" elapsed="0.026098"/>
</kw>
<arg>5s</arg>
<arg>500ms</arg>
<arg>Press Keys</arg>
<arg>NONE</arg>
<arg>TAB</arg>
<doc>Runs the specified keyword and retries if it fails.</doc>
<status status="PASS" start="2026-03-16T14:49:02.019080" elapsed="0.026098"/>
</kw>
<status status="PASS" start="2026-03-16T14:49:02.018062" elapsed="0.027116"/>
</kw>
<kw name="Clear Safe Text" owner="keywords">
<kw name="Wait Until Keyword Succeeds" owner="BuiltIn">
<kw name="Clear Element Text" owner="SeleniumLibrary">
<arg>${locator}</arg>
<doc>Clears the value of the text-input-element identified by ``locator``.</doc>
<status status="PASS" start="2026-03-16T14:49:02.046175" elapsed="0.031658"/>
</kw>
<arg>10s</arg>
<arg>1s</arg>
<arg>Clear Element Text</arg>
<arg>${locator}</arg>
<doc>Runs the specified keyword and retries if it fails.</doc>
<status status="PASS" start="2026-03-16T14:49:02.046175" elapsed="0.031658"/>
</kw>
<arg>${AddressInfo_Soi}</arg>
<status status="PASS" start="2026-03-16T14:49:02.045178" elapsed="0.032655"/>
</kw>
<kw name="Safe Tab" owner="keywords">
<kw name="Wait Until Keyword Succeeds" owner="BuiltIn">
<kw name="Press Keys" owner="SeleniumLibrary">
<msg time="2026-03-16T14:49:02.078871" level="INFO">Sending key(s) ('TAB',) to page.</msg>
<msg time="2026-03-16T14:49:02.078871" level="INFO">Pressing special key TAB to browser.</msg>
<msg time="2026-03-16T14:49:02.078871" level="INFO">Releasing special key TAB.</msg>
<arg>NONE</arg>
<arg>TAB</arg>
<doc>Simulates the user pressing key(s) to an element or on the active browser.</doc>
<status status="PASS" start="2026-03-16T14:49:02.078871" elapsed="0.026088"/>
</kw>
<arg>5s</arg>
<arg>500ms</arg>
<arg>Press Keys</arg>
<arg>NONE</arg>
<arg>TAB</arg>
<doc>Runs the specified keyword and retries if it fails.</doc>
<status status="PASS" start="2026-03-16T14:49:02.077833" elapsed="0.027126"/>
</kw>
<status status="PASS" start="2026-03-16T14:49:02.077833" elapsed="0.027126"/>
</kw>
<kw name="Input Safe Text" owner="keywords">
<kw name="Wait Until Keyword Succeeds" owner="BuiltIn">
<kw name="Input Text" owner="SeleniumLibrary">
<msg time="2026-03-16T14:49:02.105958" level="INFO">Typing text '3' into text field 'xpath=/html/body/app-root/app-home/div/main/div[1]/div/div/app-customer-master/div/form/mat-tab-group/div/mat-tab-body[3]/div/app-address-info/form/div/div/div/div[1]/div[7]/dx-text-box/div/div[1]/input'.</msg>
<arg>${locator}</arg>
<arg>${value}</arg>
<doc>Types the given ``text`` into the text field identified by ``locator``.</doc>
<status status="PASS" start="2026-03-16T14:49:02.105958" elapsed="0.049314"/>
</kw>
<arg>10s</arg>
<arg>1s</arg>
<arg>Input Text</arg>
<arg>${locator}</arg>
<arg>${value}</arg>
<doc>Runs the specified keyword and retries if it fails.</doc>
<status status="PASS" start="2026-03-16T14:49:02.104959" elapsed="0.050313"/>
</kw>
<arg>${AddressInfo_Moo}</arg>
<arg>3</arg>
<status status="PASS" start="2026-03-16T14:49:02.104959" elapsed="0.050313"/>
</kw>
<kw name="Safe Tab" owner="keywords">
<kw name="Wait Until Keyword Succeeds" owner="BuiltIn">
<kw name="Press Keys" owner="SeleniumLibrary">
<msg time="2026-03-16T14:49:02.156272" level="INFO">Sending key(s) ('TAB',) to page.</msg>
<msg time="2026-03-16T14:49:02.156272" level="INFO">Pressing special key TAB to browser.</msg>
<msg time="2026-03-16T14:49:02.156272" level="INFO">Releasing special key TAB.</msg>
<arg>NONE</arg>
<arg>TAB</arg>
<doc>Simulates the user pressing key(s) to an element or on the active browser.</doc>
<status status="PASS" start="2026-03-16T14:49:02.156272" elapsed="0.034557"/>
</kw>
<arg>5s</arg>
<arg>500ms</arg>
<arg>Press Keys</arg>
<arg>NONE</arg>
<arg>TAB</arg>
<doc>Runs the specified keyword and retries if it fails.</doc>
<status status="PASS" start="2026-03-16T14:49:02.156272" elapsed="0.034557"/>
</kw>
<status status="PASS" start="2026-03-16T14:49:02.155272" elapsed="0.035557"/>
</kw>
<kw name="Clear Safe Text" owner="keywords">
<kw name="Wait Until Keyword Succeeds" owner="BuiltIn">
<kw name="Clear Element Text" owner="SeleniumLibrary">
<arg>${locator}</arg>
<doc>Clears the value of the text-input-element identified by ``locator``.</doc>
<status status="PASS" start="2026-03-16T14:49:02.191827" elapsed="0.028021"/>
</kw>
<arg>10s</arg>
<arg>1s</arg>
<arg>Clear Element Text</arg>
<arg>${locator}</arg>
<doc>Runs the specified keyword and retries if it fails.</doc>
<status status="PASS" start="2026-03-16T14:49:02.191827" elapsed="0.028021"/>
</kw>
<arg>${AddressInfo_Road}</arg>
<status status="PASS" start="2026-03-16T14:49:02.190829" elapsed="0.029019"/>
</kw>
<kw name="Safe Tab" owner="keywords">
<kw name="Wait Until Keyword Succeeds" owner="BuiltIn">
<kw name="Press Keys" owner="SeleniumLibrary">
<msg time="2026-03-16T14:49:02.220844" level="INFO">Sending key(s) ('TAB',) to page.</msg>
<msg time="2026-03-16T14:49:02.220844" level="INFO">Pressing special key TAB to browser.</msg>
<msg time="2026-03-16T14:49:02.220844" level="INFO">Releasing special key TAB.</msg>
<arg>NONE</arg>
<arg>TAB</arg>
<doc>Simulates the user pressing key(s) to an element or on the active browser.</doc>
<status status="PASS" start="2026-03-16T14:49:02.220844" elapsed="0.020994"/>
</kw>
<arg>5s</arg>
<arg>500ms</arg>
<arg>Press Keys</arg>
<arg>NONE</arg>
<arg>TAB</arg>
<doc>Runs the specified keyword and retries if it fails.</doc>
<status status="PASS" start="2026-03-16T14:49:02.220844" elapsed="0.020994"/>
</kw>
<status status="PASS" start="2026-03-16T14:49:02.219848" elapsed="0.021990"/>
</kw>
<kw name="Input Text" owner="SeleniumLibrary">
<msg time="2026-03-16T14:49:02.241838" level="INFO">Typing text 'กรุงเทพมหานคร' into text field 'xpath=/html/body/app-root/app-home/div/main/div[1]/div/div/app-customer-master/div/form/mat-tab-group/div/mat-tab-body[3]/div/app-address-info/form/div/div/div/div[1]/div[9]/dx-select-box/div/div/div[1]/input'.</msg>
<arg>${AddressInfo_Province}</arg>
<arg>กรุงเทพมหานคร</arg>
<doc>Types the given ``text`` into the text field identified by ``locator``.</doc>
<status status="PASS" start="2026-03-16T14:49:02.241838" elapsed="0.085220"/>
</kw>
<kw name="Sleep" owner="BuiltIn">
<msg time="2026-03-16T14:49:03.328225" level="INFO">Slept 1 second.</msg>
<arg>1</arg>
<doc>Pauses the test executed for the given time.</doc>
<status status="PASS" start="2026-03-16T14:49:02.328083" elapsed="1.000142"/>
</kw>
<kw name="Press Keys" owner="SeleniumLibrary">
<msg time="2026-03-16T14:49:03.329239" level="INFO">Sending key(s) ('TAB',) to page.</msg>
<msg time="2026-03-16T14:49:03.329239" level="INFO">Pressing special key TAB to browser.</msg>
<msg time="2026-03-16T14:49:03.329239" level="INFO">Releasing special key TAB.</msg>
<arg>NONE</arg>
<arg>TAB</arg>
<doc>Simulates the user pressing key(s) to an element or on the active browser.</doc>
<status status="PASS" start="2026-03-16T14:49:03.328225" elapsed="0.038912"/>
</kw>
<kw name="Input Text" owner="SeleniumLibrary">
<msg time="2026-03-16T14:49:03.367642" level="INFO">Typing text 'จตุจักร' into text field 'xpath=/html/body/app-root/app-home/div/main/div[1]/div/div/app-customer-master/div/form/mat-tab-group/div/mat-tab-body[3]/div/app-address-info/form/div/div/div/div[1]/div[10]/dx-select-box/div[1]/div/div[1]/input'.</msg>
<arg>${AddressInfo_District}</arg>
<arg>จตุจักร</arg>
<doc>Types the given ``text`` into the text field identified by ``locator``.</doc>
<status status="PASS" start="2026-03-16T14:49:03.367137" elapsed="0.105487"/>
</kw>
<kw name="Sleep" owner="BuiltIn">
<msg time="2026-03-16T14:49:04.474324" level="INFO">Slept 1 second.</msg>
<arg>1</arg>
<doc>Pauses the test executed for the given time.</doc>
<status status="PASS" start="2026-03-16T14:49:03.473624" elapsed="1.000700"/>
</kw>
<kw name="Press Keys" owner="SeleniumLibrary">
<msg time="2026-03-16T14:49:04.475354" level="INFO">Sending key(s) ('TAB',) to page.</msg>
<msg time="2026-03-16T14:49:04.476349" level="INFO">Pressing special key TAB to browser.</msg>
<msg time="2026-03-16T14:49:04.476349" level="INFO">Releasing special key TAB.</msg>
<arg>NONE</arg>
<arg>TAB</arg>
<doc>Simulates the user pressing key(s) to an element or on the active browser.</doc>
<status status="PASS" start="2026-03-16T14:49:04.474324" elapsed="0.044735"/>
</kw>
<kw name="Input Text" owner="SeleniumLibrary">
<msg time="2026-03-16T14:49:04.519059" level="INFO">Typing text 'จตุจักร' into text field 'xpath=/html/body/app-root/app-home/div/main/div[1]/div/div/app-customer-master/div/form/mat-tab-group/div/mat-tab-body[3]/div/app-address-info/form/div/div/div/div[1]/div[11]/dx-select-box/div[1]/div/div[1]/input'.</msg>
<arg>${AddressInfo_Sub-Distric}</arg>
<arg>จตุจักร</arg>
<doc>Types the given ``text`` into the text field identified by ``locator``.</doc>
<status status="PASS" start="2026-03-16T14:49:04.519059" elapsed="0.059849"/>
</kw>
<kw name="Sleep" owner="BuiltIn">
<msg time="2026-03-16T14:49:05.579311" level="INFO">Slept 1 second.</msg>
<arg>1</arg>
<doc>Pauses the test executed for the given time.</doc>
<status status="PASS" start="2026-03-16T14:49:04.578908" elapsed="1.000403"/>
</kw>
<kw name="Press Keys" owner="SeleniumLibrary">
<msg time="2026-03-16T14:49:05.579311" level="INFO">Sending key(s) ('TAB',) to page.</msg>
<msg time="2026-03-16T14:49:05.579311" level="INFO">Pressing special key TAB to browser.</msg>
<msg time="2026-03-16T14:49:05.580317" level="INFO">Releasing special key TAB.</msg>
<arg>NONE</arg>
<arg>TAB</arg>
<doc>Simulates the user pressing key(s) to an element or on the active browser.</doc>
<status status="PASS" start="2026-03-16T14:49:05.579311" elapsed="0.059661"/>
</kw>
<kw name="Input Text" owner="SeleniumLibrary">
<msg time="2026-03-16T14:49:05.638972" level="INFO">Typing text '10900' into text field 'xpath=/html/body/app-root/app-home/div/main/div[1]/div/div/app-customer-master/div/form/mat-tab-group/div/mat-tab-body[3]/div/app-address-info/form/div/div/div/div[1]/div[12]/dx-select-box/div[1]/div/div[1]/input'.</msg>
<arg>${AddressInfo_ZipCode}</arg>
<arg>10900</arg>
<doc>Types the given ``text`` into the text field identified by ``locator``.</doc>
<status status="PASS" start="2026-03-16T14:49:05.638972" elapsed="0.068624"/>
</kw>
<kw name="Sleep" owner="BuiltIn">
<msg time="2026-03-16T14:49:06.708399" level="INFO">Slept 1 second.</msg>
<arg>1</arg>
<doc>Pauses the test executed for the given time.</doc>
<status status="PASS" start="2026-03-16T14:49:05.707596" elapsed="1.000803"/>
</kw>
<kw name="Press Keys" owner="SeleniumLibrary">
<msg time="2026-03-16T14:49:06.709423" level="INFO">Sending key(s) ('TAB',) to page.</msg>
<msg time="2026-03-16T14:49:06.709423" level="INFO">Pressing special key TAB to browser.</msg>
<msg time="2026-03-16T14:49:06.709423" level="INFO">Releasing special key TAB.</msg>
<arg>NONE</arg>
<arg>TAB</arg>
<doc>Simulates the user pressing key(s) to an element or on the active browser.</doc>
<status status="PASS" start="2026-03-16T14:49:06.708399" elapsed="0.058057"/>
</kw>
<kw name="Get WebElement" owner="SeleniumLibrary">
<msg time="2026-03-16T14:49:06.778966" level="INFO">${el} = &lt;selenium.webdriver.remote.webelement.WebElement (session="9b6d7fd8dc72270467691bca14007128", element="f.FDB6A8871B3E3E8C9913DE9A48613E39.d.36B6A4C5EC0D6B68A1706EF224AC854A.e.356")&gt;</msg>
<var>${el}</var>
<arg>${AddressInfo_btn_AddAddress}</arg>
<doc>Returns the first WebElement matching the given ``locator``.</doc>
<status status="PASS" start="2026-03-16T14:49:06.767961" elapsed="0.011005"/>
</kw>
<kw name="Execute Javascript" owner="SeleniumLibrary">
<msg time="2026-03-16T14:49:06.779989" level="INFO">Executing JavaScript:
arguments[0].click();
By using argument:
'&lt;selenium.webdriver.remote.webelement.WebElement (session="9b6d7fd8dc72270467691bca14007128", element="f.FDB6A8871B3E3E8C9913DE9A48613E39.d.36B6A4C5EC0D6B68A1706EF224AC854A.e.356")&gt;'</msg>
<arg>arguments[0].click();</arg>
<arg>ARGUMENTS</arg>
<arg>${el}</arg>
<doc>Executes the given JavaScript code with possible arguments.</doc>
<status status="PASS" start="2026-03-16T14:49:06.778966" elapsed="0.057008"/>
</kw>
<status status="PASS" start="2026-03-16T14:49:01.357821" elapsed="5.478153"/>
</kw>
<status status="PASS" start="2026-03-16T14:49:01.356825" elapsed="5.480154"/>
</test>
<test id="s1-t5" name="Input Customer Billing Address" line="33">
<kw name="Input Customer Billing Address" owner="customer_master_billingaddress_tab">
<kw name="Click Element" owner="SeleniumLibrary">
<msg time="2026-03-16T14:49:06.839304" level="INFO">Clicking element 'xpath=/html/body/app-root/app-home/div/main/div[1]/div/div/app-customer-master/div/form/mat-tab-group/mat-tab-header/div/div/div/div[4]'.</msg>
<arg>${btn_BillingAddress_tab}</arg>
<doc>Click the element identified by ``locator``.</doc>
<status status="PASS" start="2026-03-16T14:49:06.839304" elapsed="0.146746"/>
</kw>
<kw name="Input Text" owner="SeleniumLibrary">
<msg time="2026-03-16T14:49:06.986050" level="INFO">Typing text '67' into text field 'xpath=/html/body/app-root/app-home/div/main/div[1]/div/div/app-customer-master/div/form/mat-tab-group/div/mat-tab-body[4]/div/app-billing-address/form/div/div/div/div/div[1]/dx-text-box/div/div[1]/input'.</msg>
<arg>${BillingAddress_HouseNo}</arg>
<arg>67</arg>
<doc>Types the given ``text`` into the text field identified by ``locator``.</doc>
<status status="PASS" start="2026-03-16T14:49:06.986050" elapsed="0.098962"/>
</kw>
<kw name="Press Keys" owner="SeleniumLibrary">
<msg time="2026-03-16T14:49:07.085012" level="INFO">Sending key(s) ('TAB',) to page.</msg>
<msg time="2026-03-16T14:49:07.085012" level="INFO">Pressing special key TAB to browser.</msg>
<msg time="2026-03-16T14:49:07.085012" level="INFO">Releasing special key TAB.</msg>
<arg>NONE</arg>
<arg>TAB</arg>
<doc>Simulates the user pressing key(s) to an element or on the active browser.</doc>
<status status="PASS" start="2026-03-16T14:49:07.085012" elapsed="0.032680"/>
</kw>
<kw name="Input Text" owner="SeleniumLibrary">
<msg time="2026-03-16T14:49:07.118666" level="INFO">Typing text '""' into text field 'xpath=/html/body/app-root/app-home/div/main/div[1]/div/div/app-customer-master/div/form/mat-tab-group/div/mat-tab-body[4]/div/app-billing-address/form/div/div/div/div/div[2]/dx-text-box/div/div[1]/input'.</msg>
<arg>${BillingAddress_Address}</arg>
<arg>""</arg>
<doc>Types the given ``text`` into the text field identified by ``locator``.</doc>
<status status="PASS" start="2026-03-16T14:49:07.118666" elapsed="0.079303"/>
</kw>
<kw name="Press Keys" owner="SeleniumLibrary">
<msg time="2026-03-16T14:49:07.199424" level="INFO">Sending key(s) ('TAB',) to page.</msg>
<msg time="2026-03-16T14:49:07.199424" level="INFO">Pressing special key TAB to browser.</msg>
<msg time="2026-03-16T14:49:07.199424" level="INFO">Releasing special key TAB.</msg>
<arg>NONE</arg>
<arg>TAB</arg>
<doc>Simulates the user pressing key(s) to an element or on the active browser.</doc>
<status status="PASS" start="2026-03-16T14:49:07.197969" elapsed="0.033236"/>
</kw>
<kw name="Input Text" owner="SeleniumLibrary">
<msg time="2026-03-16T14:49:07.231205" level="INFO">Typing text '""' into text field 'xpath=/html/body/app-root/app-home/div/main/div[1]/div/div/app-customer-master/div/form/mat-tab-group/div/mat-tab-body[4]/div/app-billing-address/form/div/div/div/div/div[3]/dx-text-box/div/div[1]/input'.</msg>
<arg>${BillingAddress_RoomNo}</arg>
<arg>""</arg>
<doc>Types the given ``text`` into the text field identified by ``locator``.</doc>
<status status="PASS" start="2026-03-16T14:49:07.231205" elapsed="0.054498"/>
</kw>
<kw name="Press Keys" owner="SeleniumLibrary">
<msg time="2026-03-16T14:49:07.286699" level="INFO">Sending key(s) ('TAB',) to page.</msg>
<msg time="2026-03-16T14:49:07.286699" level="INFO">Pressing special key TAB to browser.</msg>
<msg time="2026-03-16T14:49:07.286699" level="INFO">Releasing special key TAB.</msg>
<arg>NONE</arg>
<arg>TAB</arg>
<doc>Simulates the user pressing key(s) to an element or on the active browser.</doc>
<status status="PASS" start="2026-03-16T14:49:07.286699" elapsed="0.027591"/>
</kw>
<kw name="Input Text" owner="SeleniumLibrary">
<msg time="2026-03-16T14:49:07.314290" level="INFO">Typing text '""' into text field 'xpath=/html/body/app-root/app-home/div/main/div[1]/div/div/app-customer-master/div/form/mat-tab-group/div/mat-tab-body[4]/div/app-billing-address/form/div/div/div/div/div[4]/dx-text-box/div/div[1]/input'.</msg>
<arg>${BillingAddress_Building}</arg>
<arg>""</arg>
<doc>Types the given ``text`` into the text field identified by ``locator``.</doc>
<status status="PASS" start="2026-03-16T14:49:07.314290" elapsed="0.053319"/>
</kw>
<kw name="Press Keys" owner="SeleniumLibrary">
<msg time="2026-03-16T14:49:07.368613" level="INFO">Sending key(s) ('TAB',) to page.</msg>
<msg time="2026-03-16T14:49:07.368613" level="INFO">Pressing special key TAB to browser.</msg>
<msg time="2026-03-16T14:49:07.368613" level="INFO">Releasing special key TAB.</msg>
<arg>NONE</arg>
<arg>TAB</arg>
<doc>Simulates the user pressing key(s) to an element or on the active browser.</doc>
<status status="PASS" start="2026-03-16T14:49:07.368613" elapsed="0.034244"/>
</kw>
<kw name="Input Text" owner="SeleniumLibrary">
<msg time="2026-03-16T14:49:07.402857" level="INFO">Typing text '""' into text field 'xpath=/html/body/app-root/app-home/div/main/div[1]/div/div/app-customer-master/div/form/mat-tab-group/div/mat-tab-body[4]/div/app-billing-address/form/div/div/div/div/div[5]/dx-text-box/div/div[1]/input'.</msg>
<arg>${BillingAddress_Village}</arg>
<arg>""</arg>
<doc>Types the given ``text`` into the text field identified by ``locator``.</doc>
<status status="PASS" start="2026-03-16T14:49:07.402857" elapsed="0.046105"/>
</kw>
<kw name="Press Keys" owner="SeleniumLibrary">
<msg time="2026-03-16T14:49:07.448962" level="INFO">Sending key(s) ('TAB',) to page.</msg>
<msg time="2026-03-16T14:49:07.448962" level="INFO">Pressing special key TAB to browser.</msg>
<msg time="2026-03-16T14:49:07.448962" level="INFO">Releasing special key TAB.</msg>
<arg>NONE</arg>
<arg>TAB</arg>
<doc>Simulates the user pressing key(s) to an element or on the active browser.</doc>
<status status="PASS" start="2026-03-16T14:49:07.448962" elapsed="0.026625"/>
</kw>
<kw name="Input Text" owner="SeleniumLibrary">
<msg time="2026-03-16T14:49:07.475587" level="INFO">Typing text '""' into text field 'xpath=/html/body/app-root/app-home/div/main/div[1]/div/div/app-customer-master/div/form/mat-tab-group/div/mat-tab-body[4]/div/app-billing-address/form/div/div/div/div/div[6]/dx-text-box/div/div[1]/input'.</msg>
<arg>${BillingAddress_Soi}</arg>
<arg>""</arg>
<doc>Types the given ``text`` into the text field identified by ``locator``.</doc>
<status status="PASS" start="2026-03-16T14:49:07.475587" elapsed="0.048360"/>
</kw>
<kw name="Press Keys" owner="SeleniumLibrary">
<msg time="2026-03-16T14:49:07.523947" level="INFO">Sending key(s) ('TAB',) to page.</msg>
<msg time="2026-03-16T14:49:07.523947" level="INFO">Pressing special key TAB to browser.</msg>
<msg time="2026-03-16T14:49:07.523947" level="INFO">Releasing special key TAB.</msg>
<arg>NONE</arg>
<arg>TAB</arg>
<doc>Simulates the user pressing key(s) to an element or on the active browser.</doc>
<status status="PASS" start="2026-03-16T14:49:07.523947" elapsed="0.028496"/>
</kw>
<kw name="Input Text" owner="SeleniumLibrary">
<msg time="2026-03-16T14:49:07.552443" level="INFO">Typing text '3' into text field 'xpath=/html/body/app-root/app-home/div/main/div[1]/div/div/app-customer-master/div/form/mat-tab-group/div/mat-tab-body[4]/div/app-billing-address/form/div/div/div/div/div[7]/dx-text-box/div/div[1]/input'.</msg>
<arg>${BillingAddress_Moo}</arg>
<arg>3</arg>
<doc>Types the given ``text`` into the text field identified by ``locator``.</doc>
<status status="PASS" start="2026-03-16T14:49:07.552443" elapsed="0.072162"/>
</kw>
<kw name="Press Keys" owner="SeleniumLibrary">
<msg time="2026-03-16T14:49:07.624605" level="INFO">Sending key(s) ('TAB',) to page.</msg>
<msg time="2026-03-16T14:49:07.624605" level="INFO">Pressing special key TAB to browser.</msg>
<msg time="2026-03-16T14:49:07.624605" level="INFO">Releasing special key TAB.</msg>
<arg>NONE</arg>
<arg>TAB</arg>
<doc>Simulates the user pressing key(s) to an element or on the active browser.</doc>
<status status="PASS" start="2026-03-16T14:49:07.624605" elapsed="0.034000"/>
</kw>
<kw name="Input Text" owner="SeleniumLibrary">
<msg time="2026-03-16T14:49:07.659625" level="INFO">Typing text '""' into text field 'xpath=/html/body/app-root/app-home/div/main/div[1]/div/div/app-customer-master/div/form/mat-tab-group/div/mat-tab-body[4]/div/app-billing-address/form/div/div/div/div/div[8]/dx-text-box/div/div[1]/input'.</msg>
<arg>${BillingAddress_Road}</arg>
<arg>""</arg>
<doc>Types the given ``text`` into the text field identified by ``locator``.</doc>
<status status="PASS" start="2026-03-16T14:49:07.658605" elapsed="0.059378"/>
</kw>
<kw name="Press Keys" owner="SeleniumLibrary">
<msg time="2026-03-16T14:49:07.717983" level="INFO">Sending key(s) ('TAB',) to page.</msg>
<msg time="2026-03-16T14:49:07.717983" level="INFO">Pressing special key TAB to browser.</msg>
<msg time="2026-03-16T14:49:07.717983" level="INFO">Releasing special key TAB.</msg>
<arg>NONE</arg>
<arg>TAB</arg>
<doc>Simulates the user pressing key(s) to an element or on the active browser.</doc>
<status status="PASS" start="2026-03-16T14:49:07.717983" elapsed="0.026558"/>
</kw>
<kw name="Input Text" owner="SeleniumLibrary">
<msg time="2026-03-16T14:49:07.744541" level="INFO">Typing text 'กรุงเทพมหานคร' into text field 'xpath=/html/body/app-root/app-home/div/main/div[1]/div/div/app-customer-master/div/form/mat-tab-group/div/mat-tab-body[4]/div/app-billing-address/form/div/div/div/div/div[9]/dx-text-box/div/div[1]/input'.</msg>
<arg>${BillingAddress_Province}</arg>
<arg>กรุงเทพมหานคร</arg>
<doc>Types the given ``text`` into the text field identified by ``locator``.</doc>
<status status="PASS" start="2026-03-16T14:49:07.744541" elapsed="0.075436"/>
</kw>
<kw name="Press Keys" owner="SeleniumLibrary">
<msg time="2026-03-16T14:49:07.819977" level="INFO">Sending key(s) ('TAB',) to page.</msg>
<msg time="2026-03-16T14:49:07.819977" level="INFO">Pressing special key TAB to browser.</msg>
<msg time="2026-03-16T14:49:07.819977" level="INFO">Releasing special key TAB.</msg>
<arg>NONE</arg>
<arg>TAB</arg>
<doc>Simulates the user pressing key(s) to an element or on the active browser.</doc>
<status status="PASS" start="2026-03-16T14:49:07.819977" elapsed="0.027819"/>
</kw>
<kw name="Input Text" owner="SeleniumLibrary">
<msg time="2026-03-16T14:49:07.847796" level="INFO">Typing text 'จตุจักร' into text field 'xpath=/html/body/app-root/app-home/div/main/div[1]/div/div/app-customer-master/div/form/mat-tab-group/div/mat-tab-body[4]/div/app-billing-address/form/div/div/div/div/div[10]/dx-text-box/div/div[1]/input'.</msg>
<arg>${BillingAddress_District}</arg>
<arg>จตุจักร</arg>
<doc>Types the given ``text`` into the text field identified by ``locator``.</doc>
<status status="PASS" start="2026-03-16T14:49:07.847796" elapsed="0.057364"/>
</kw>
<kw name="Press Keys" owner="SeleniumLibrary">
<msg time="2026-03-16T14:49:07.906435" level="INFO">Sending key(s) ('TAB',) to page.</msg>
<msg time="2026-03-16T14:49:07.906435" level="INFO">Pressing special key TAB to browser.</msg>
<msg time="2026-03-16T14:49:07.906435" level="INFO">Releasing special key TAB.</msg>
<arg>NONE</arg>
<arg>TAB</arg>
<doc>Simulates the user pressing key(s) to an element or on the active browser.</doc>
<status status="PASS" start="2026-03-16T14:49:07.906435" elapsed="0.027949"/>
</kw>
<kw name="Input Text" owner="SeleniumLibrary">
<msg time="2026-03-16T14:49:07.934384" level="INFO">Typing text 'จตุจักร' into text field 'xpath=/html/body/app-root/app-home/div/main/div[1]/div/div/app-customer-master/div/form/mat-tab-group/div/mat-tab-body[4]/div/app-billing-address/form/div/div/div/div/div[11]/dx-text-box/div/div[1]/input'.</msg>
<arg>${BillingAddress_Sub-Distric}</arg>
<arg>จตุจักร</arg>
<doc>Types the given ``text`` into the text field identified by ``locator``.</doc>
<status status="PASS" start="2026-03-16T14:49:07.934384" elapsed="0.070911"/>
</kw>
<kw name="Press Keys" owner="SeleniumLibrary">
<msg time="2026-03-16T14:49:08.005295" level="INFO">Sending key(s) ('TAB',) to page.</msg>
<msg time="2026-03-16T14:49:08.005295" level="INFO">Pressing special key TAB to browser.</msg>
<msg time="2026-03-16T14:49:08.005295" level="INFO">Releasing special key TAB.</msg>
<arg>NONE</arg>
<arg>TAB</arg>
<doc>Simulates the user pressing key(s) to an element or on the active browser.</doc>
<status status="PASS" start="2026-03-16T14:49:08.005295" elapsed="0.029422"/>
</kw>
<kw name="Select AutoComplete" owner="keywords">
<kw name="Input Text" owner="SeleniumLibrary">
<msg time="2026-03-16T14:49:08.036126" level="INFO">Typing text '10900' into text field 'xpath=/html/body/app-root/app-home/div/main/div[1]/div/div/app-customer-master/div/form/mat-tab-group/div/mat-tab-body[4]/div/app-billing-address/form/div/div/div/div/div[12]/dx-select-box/div[1]/div/div[1]/input'.</msg>
<arg>${locator}</arg>
<arg>${value}</arg>
<doc>Types the given ``text`` into the text field identified by ``locator``.</doc>
<status status="PASS" start="2026-03-16T14:49:08.036126" elapsed="0.111510"/>
</kw>
<kw name="Set Variable" owner="BuiltIn">
<msg time="2026-03-16T14:49:08.147636" level="INFO">${option} = xpath=//div[contains(@class,'dx-item-content') and contains(.,'10900')]</msg>
<var>${option}</var>
<arg>xpath=//div[contains(@class,'dx-item-content') and contains(.,'${value}')]</arg>
<doc>Returns the given values which can then be assigned to a variables.</doc>
<status status="PASS" start="2026-03-16T14:49:08.147636" elapsed="0.000000"/>
</kw>
<kw name="Wait Until Element Is Visible" owner="SeleniumLibrary">
<arg>${option}</arg>
<arg>5s</arg>
<doc>Waits until the element ``locator`` is visible.</doc>
<status status="PASS" start="2026-03-16T14:49:08.147636" elapsed="0.650394"/>
</kw>
<kw name="Click Element" owner="SeleniumLibrary">
<msg time="2026-03-16T14:49:08.798030" level="INFO">Clicking element 'xpath=//div[contains(@class,'dx-item-content') and contains(.,'10900')]'.</msg>
<arg>${option}</arg>
<doc>Click the element identified by ``locator``.</doc>
<status status="PASS" start="2026-03-16T14:49:08.798030" elapsed="0.049678"/>
</kw>
<arg>${BillingAddress_ZipCode}</arg>
<arg>10900</arg>
<status status="PASS" start="2026-03-16T14:49:08.034717" elapsed="0.813997"/>
</kw>
<status status="PASS" start="2026-03-16T14:49:06.839304" elapsed="2.009410"/>
</kw>
<status status="PASS" start="2026-03-16T14:49:06.838297" elapsed="2.010417"/>
</test>
<test id="s1-t6" name="Input Customer Attributes" line="36">
<kw name="Input Customer Attributes" owner="customer_master_attributes_tab">
<kw name="Click Element" owner="SeleniumLibrary">
<msg time="2026-03-16T14:49:08.849954" level="INFO">Clicking element 'xpath=/html/body/app-root/app-home/div/main/div[1]/div/div/app-customer-master/div/form/mat-tab-group/mat-tab-header/div/div/div/div[5]'.</msg>
<arg>${btn_Attributes_tab}</arg>
<doc>Click the element identified by ``locator``.</doc>
<status status="PASS" start="2026-03-16T14:49:08.849954" elapsed="0.154000"/>
</kw>
<kw name="Select AutoComplete" owner="keywords">
<kw name="Input Text" owner="SeleniumLibrary">
<msg time="2026-03-16T14:49:09.004954" level="INFO">Typing text 'Other(specify….)' into text field 'xpath=/html/body/app-root/app-home/div/main/div[1]/div/div/app-customer-master/div/form/mat-tab-group/div/mat-tab-body[5]/div/app-attributes/form/div/div/div/div[4]/div[4]/dx-select-box/div[1]/div/div[1]/input'.</msg>
<arg>${locator}</arg>
<arg>${value}</arg>
<doc>Types the given ``text`` into the text field identified by ``locator``.</doc>
<status status="PASS" start="2026-03-16T14:49:09.004954" elapsed="0.124747"/>
</kw>
<kw name="Set Variable" owner="BuiltIn">
<msg time="2026-03-16T14:49:09.129701" level="INFO">${option} = xpath=//div[contains(@class,'dx-item-content') and contains(.,'Other(specify….)')]</msg>
<var>${option}</var>
<arg>xpath=//div[contains(@class,'dx-item-content') and contains(.,'${value}')]</arg>
<doc>Returns the given values which can then be assigned to a variables.</doc>
<status status="PASS" start="2026-03-16T14:49:09.129701" elapsed="0.000000"/>
</kw>
<kw name="Wait Until Element Is Visible" owner="SeleniumLibrary">
<arg>${option}</arg>
<arg>5s</arg>
<doc>Waits until the element ``locator`` is visible.</doc>
<status status="PASS" start="2026-03-16T14:49:09.129701" elapsed="0.643252"/>
</kw>
<kw name="Click Element" owner="SeleniumLibrary">
<msg time="2026-03-16T14:49:09.774324" level="INFO">Clicking element 'xpath=//div[contains(@class,'dx-item-content') and contains(.,'Other(specify….)')]'.</msg>
<arg>${option}</arg>
<doc>Click the element identified by ``locator``.</doc>
<status status="PASS" start="2026-03-16T14:49:09.774324" elapsed="0.056707"/>
</kw>
<arg>${Occupation1}</arg>
<arg>Other(specify….)</arg>
<status status="PASS" start="2026-03-16T14:49:09.004954" elapsed="0.827076"/>
</kw>
<kw name="Input Text" owner="SeleniumLibrary">
<msg time="2026-03-16T14:49:09.832030" level="INFO">Typing text 'TESTING' into text field 'xpath=/html/body/app-root/app-home/div/main/div[1]/div/div/app-customer-master/div/form/mat-tab-group/div/mat-tab-body[5]/div/app-attributes/form/div/div/div/div[4]/div[7]/dx-text-box/div/div[1]/input'.</msg>
<arg>${OccupationRemarks}</arg>
<arg>TESTING</arg>
<doc>Types the given ``text`` into the text field identified by ``locator``.</doc>
<status status="PASS" start="2026-03-16T14:49:09.832030" elapsed="0.102918"/>
</kw>
<kw name="Press Keys" owner="SeleniumLibrary">
<msg time="2026-03-16T14:49:09.935949" level="INFO">Sending key(s) ('TAB',) to page.</msg>
<msg time="2026-03-16T14:49:09.935949" level="INFO">Pressing special key TAB to browser.</msg>
<msg time="2026-03-16T14:49:09.935949" level="INFO">Releasing special key TAB.</msg>
<arg>NONE</arg>
<arg>TAB</arg>
<doc>Simulates the user pressing key(s) to an element or on the active browser.</doc>
<status status="PASS" start="2026-03-16T14:49:09.935949" elapsed="0.010002"/>
</kw>
<status status="PASS" start="2026-03-16T14:49:08.849954" elapsed="1.096997"/>
</kw>
<status status="PASS" start="2026-03-16T14:49:08.848714" elapsed="1.098237"/>
</test>
<test id="s1-t7" name="Input Customer Save Customer" line="39">
<kw name="Input Customer Save Customer" owner="customer_master_save">
<kw name="Click Element" owner="SeleniumLibrary">
<msg time="2026-03-16T14:49:09.948969" level="INFO">Clicking element 'xpath=/html/body/app-root/app-home/div/main/div[1]/div/div/div/div/app-screen-operations/p/span/dx-button[1]'.</msg>
<arg>${btn_Save_tab}</arg>
<doc>Click the element identified by ``locator``.</doc>
<status status="PASS" start="2026-03-16T14:49:09.947969" elapsed="0.085304"/>
</kw>
<kw name="Wait Until Element Is Visible" owner="SeleniumLibrary">
<arg>${btn_SaveCustomer_Yes}</arg>
<arg>10s</arg>
<doc>Waits until the element ``locator`` is visible.</doc>
<status status="PASS" start="2026-03-16T14:49:10.034775" elapsed="0.234223"/>
</kw>
<kw name="Click Element" owner="SeleniumLibrary">
<msg time="2026-03-16T14:49:10.268998" level="INFO">Clicking element 'xpath=/html/body/div/div/div[2]/div/div[2]/button[1]'.</msg>
<arg>${btn_SaveCustomer_Yes}</arg>
<doc>Click the element identified by ``locator``.</doc>
<status status="PASS" start="2026-03-16T14:49:10.268998" elapsed="0.073735"/>
</kw>
<kw name="Sleep" owner="BuiltIn">
<msg time="2026-03-16T14:49:15.344400" level="INFO">Slept 5 seconds.</msg>
<arg>5</arg>
<doc>Pauses the test executed for the given time.</doc>
<status status="PASS" start="2026-03-16T14:49:10.343735" elapsed="5.000665"/>
</kw>
<kw name="Click Blank Area" owner="keywords">
<kw name="Click Element" owner="SeleniumLibrary">
<msg time="2026-03-16T14:49:15.346532" level="INFO">Clicking element 'xpath=//body'.</msg>
<arg>xpath=//body</arg>
<doc>Click the element identified by ``locator``.</doc>
<status status="PASS" start="2026-03-16T14:49:15.346532" elapsed="0.046267"/>
</kw>
<status status="PASS" start="2026-03-16T14:49:15.344400" elapsed="0.048399"/>
</kw>
<kw name="Click Element" owner="SeleniumLibrary">
<msg time="2026-03-16T14:49:15.392799" level="INFO">Clicking element 'id=mat-tab-label-0-0'.</msg>
<arg>${BasicInfoTab}</arg>
<doc>Click the element identified by ``locator``.</doc>
<status status="PASS" start="2026-03-16T14:49:15.392799" elapsed="0.547182"/>
</kw>
<kw name="Get WebElement" owner="SeleniumLibrary">
<msg time="2026-03-16T14:49:15.948981" level="INFO">${el} = &lt;selenium.webdriver.remote.webelement.WebElement (session="9b6d7fd8dc72270467691bca14007128", element="f.FDB6A8871B3E3E8C9913DE9A48613E39.d.36B6A4C5EC0D6B68A1706EF224AC854A.e.467")&gt;</msg>
<var>${el}</var>
<arg>${btn_ProspectLCV}</arg>
<doc>Returns the first WebElement matching the given ``locator``.</doc>
<status status="PASS" start="2026-03-16T14:49:15.940984" elapsed="0.007997"/>
</kw>
<kw name="Execute Javascript" owner="SeleniumLibrary">
<msg time="2026-03-16T14:49:15.950001" level="INFO">Executing JavaScript:
arguments[0].click();
By using argument:
'&lt;selenium.webdriver.remote.webelement.WebElement (session="9b6d7fd8dc72270467691bca14007128", element="f.FDB6A8871B3E3E8C9913DE9A48613E39.d.36B6A4C5EC0D6B68A1706EF224AC854A.e.467")&gt;'</msg>
<arg>arguments[0].click();</arg>
<arg>ARGUMENTS</arg>
<arg>${el}</arg>
<doc>Executes the given JavaScript code with possible arguments.</doc>
<status status="PASS" start="2026-03-16T14:49:15.950001" elapsed="0.013998"/>
</kw>
<kw name="Sleep" owner="BuiltIn">
<msg time="2026-03-16T14:49:20.964405" level="INFO">Slept 5 seconds.</msg>
<arg>5</arg>
<doc>Pauses the test executed for the given time.</doc>
<status status="PASS" start="2026-03-16T14:49:15.963999" elapsed="5.000406"/>
</kw>
<status status="PASS" start="2026-03-16T14:49:09.947969" elapsed="11.016436"/>
</kw>
<status status="PASS" start="2026-03-16T14:49:09.946951" elapsed="11.018470"/>
</test>
<test id="s1-t8" name="Create New Prospect LCV" line="42">
<kw name="Create New Prospect LCV" owner="prospect_lcv">
<kw name="Select AutoComplete" owner="keywords">
<kw name="Input Text" owner="SeleniumLibrary">
[...]
<arg>${option}</arg>
<arg>5s</arg>
<doc>Waits until the element ``locator`` is visible.</doc>
<status status="PASS" start="2026-03-16T14:49:40.572806" elapsed="0.674099"/>
</kw>
<kw name="Click Element" owner="SeleniumLibrary">
<msg time="2026-03-16T14:49:41.246905" level="INFO">Clicking element 'xpath=//div[contains(@class,'dx-item-content') and contains(.,'1000000416')]'.</msg>
<arg>${option}</arg>
<doc>Click the element identified by ``locator``.</doc>
<status status="PASS" start="2026-03-16T14:49:41.246905" elapsed="0.052697"/>
</kw>
<arg>${Ng_TISCampaign2}</arg>
<arg>1000000416</arg>
<status status="PASS" start="2026-03-16T14:49:40.460527" elapsed="0.839075"/>
</kw>
<kw name="Sleep" owner="BuiltIn">
<msg time="2026-03-16T14:49:42.301302" level="INFO">Slept 1 second.</msg>
<arg>1</arg>
<doc>Pauses the test executed for the given time.</doc>
<status status="PASS" start="2026-03-16T14:49:41.299602" elapsed="1.001700"/>
</kw>
<kw name="Select AutoComplete" owner="keywords">
<kw name="Input Text" owner="SeleniumLibrary">
<msg time="2026-03-16T14:49:42.302366" level="INFO">Typing text '1000000007' into text field 'xpath=/html/body/app-root/app-home/div/main/div[1]/div/div/app-prospect-creation-lcv/app-prospect-creation/div/form/mat-tab-group/div/mat-tab-body[3]/div/app-prospect-negotiation/form/div/div/div[27]/div[3]/div/dx-select-box/div[1]/div/div[1]/input'.</msg>
<arg>${locator}</arg>
<arg>${value}</arg>
<doc>Types the given ``text`` into the text field identified by ``locator``.</doc>
<status status="PASS" start="2026-03-16T14:49:42.301302" elapsed="0.114276"/>
</kw>
<kw name="Set Variable" owner="BuiltIn">
<msg time="2026-03-16T14:49:42.416580" level="INFO">${option} = xpath=//div[contains(@class,'dx-item-content') and contains(.,'1000000007')]</msg>
<var>${option}</var>
<arg>xpath=//div[contains(@class,'dx-item-content') and contains(.,'${value}')]</arg>
<doc>Returns the given values which can then be assigned to a variables.</doc>
<status status="PASS" start="2026-03-16T14:49:42.416580" elapsed="0.000000"/>
</kw>
<kw name="Wait Until Element Is Visible" owner="SeleniumLibrary">
<arg>${option}</arg>
<arg>5s</arg>
<doc>Waits until the element ``locator`` is visible.</doc>
<status status="PASS" start="2026-03-16T14:49:42.416580" elapsed="0.642020"/>
</kw>
<kw name="Click Element" owner="SeleniumLibrary">
<msg time="2026-03-16T14:49:43.058600" level="INFO">Clicking element 'xpath=//div[contains(@class,'dx-item-content') and contains(.,'1000000007')]'.</msg>
<arg>${option}</arg>
<doc>Click the element identified by ``locator``.</doc>
<status status="PASS" start="2026-03-16T14:49:43.058600" elapsed="0.064954"/>
</kw>
<arg>${Ng_TISCampaign3}</arg>
<arg>1000000007</arg>
<status status="PASS" start="2026-03-16T14:49:42.301302" elapsed="0.822252"/>
</kw>
<kw name="Sleep" owner="BuiltIn">
<msg time="2026-03-16T14:49:44.125003" level="INFO">Slept 1 second.</msg>
<arg>1</arg>
<doc>Pauses the test executed for the given time.</doc>
<status status="PASS" start="2026-03-16T14:49:43.123554" elapsed="1.001449"/>
</kw>
<kw name="Get WebElement" owner="SeleniumLibrary">
<msg time="2026-03-16T14:49:44.162017" level="INFO">${el} = &lt;selenium.webdriver.remote.webelement.WebElement (session="9b6d7fd8dc72270467691bca14007128", element="f.FDB6A8871B3E3E8C9913DE9A48613E39.d.36B6A4C5EC0D6B68A1706EF224AC854A.e.842")&gt;</msg>
<var>${el}</var>
<arg>${Ng_Checkbox_SubmitNegotiationforApproval}</arg>
<doc>Returns the first WebElement matching the given ``locator``.</doc>
<status status="PASS" start="2026-03-16T14:49:44.125003" elapsed="0.037014"/>
</kw>
<kw name="Execute Javascript" owner="SeleniumLibrary">
<msg time="2026-03-16T14:49:44.162017" level="INFO">Executing JavaScript:
arguments[0].click();
By using argument:
'&lt;selenium.webdriver.remote.webelement.WebElement (session="9b6d7fd8dc72270467691bca14007128", element="f.FDB6A8871B3E3E8C9913DE9A48613E39.d.36B6A4C5EC0D6B68A1706EF224AC854A.e.842")&gt;'</msg>
<arg>arguments[0].click();</arg>
<arg>ARGUMENTS</arg>
<arg>${el}</arg>
<doc>Executes the given JavaScript code with possible arguments.</doc>
<status status="PASS" start="2026-03-16T14:49:44.162017" elapsed="0.031193"/>
</kw>
<kw name="Click Element" owner="SeleniumLibrary">
<msg time="2026-03-16T14:49:44.193210" level="INFO">Clicking element 'xpath=/html/body/app-root/app-home/div/main/div[1]/div/div/app-prospect-creation-lcv/app-prospect-creation/div/form/mat-tab-group/mat-tab-header/div/div/div/div[4]'.</msg>
<arg>${PI_ProspectFollow-up}</arg>
<doc>Click the element identified by ``locator``.</doc>
<status status="PASS" start="2026-03-16T14:49:44.193210" elapsed="0.079700"/>
</kw>
<kw name="Wait Until Element Is Visible" owner="SeleniumLibrary">
<arg>${Fl_Follow-upChannel}</arg>
<arg>10s</arg>
<doc>Waits until the element ``locator`` is visible.</doc>
<status status="PASS" start="2026-03-16T14:49:44.272910" elapsed="0.011437"/>
</kw>
<kw name="Input Text" owner="SeleniumLibrary">
<msg time="2026-03-16T14:49:44.285368" level="INFO">Typing text '30/12/2026 00:00' into text field 'xpath=/html/body/app-root/app-home/div/main/div[1]/div/div/app-prospect-creation-lcv/app-prospect-creation/div/form/mat-tab-group/div/mat-tab-body[4]/div/app-prospect-follow-up/form/div/div/div[1]/div[2]/dx-date-box/div/div/div[1]/input'.</msg>
<arg>${Fl_PlanNextFollow-upDate}</arg>
<arg>30/12/2026 00:00</arg>
<doc>Types the given ``text`` into the text field identified by ``locator``.</doc>
<status status="PASS" start="2026-03-16T14:49:44.285368" elapsed="0.091512"/>
</kw>
<kw name="Press Keys" owner="SeleniumLibrary">
<msg time="2026-03-16T14:49:44.377879" level="INFO">Sending key(s) ('TAB',) to page.</msg>
<msg time="2026-03-16T14:49:44.377879" level="INFO">Pressing special key TAB to browser.</msg>
<msg time="2026-03-16T14:49:44.377879" level="INFO">Releasing special key TAB.</msg>
<arg>NONE</arg>
<arg>TAB</arg>
<doc>Simulates the user pressing key(s) to an element or on the active browser.</doc>
<status status="PASS" start="2026-03-16T14:49:44.376880" elapsed="0.015998"/>
</kw>
<kw name="Select AutoComplete" owner="keywords">
<kw name="Input Text" owner="SeleniumLibrary">
<msg time="2026-03-16T14:49:44.394047" level="INFO">Typing text 'Call to Customer' into text field 'xpath=/html/body/app-root/app-home/div/main/div[1]/div/div/app-prospect-creation-lcv/app-prospect-creation/div/form/mat-tab-group/div/mat-tab-body[4]/div/app-prospect-follow-up/form/div/div/div[1]/div[5]/dx-select-box/div[1]/div/div[1]/input'.</msg>
<arg>${locator}</arg>
<arg>${value}</arg>
<doc>Types the given ``text`` into the text field identified by ``locator``.</doc>
<status status="PASS" start="2026-03-16T14:49:44.394047" elapsed="0.121115"/>
</kw>
<kw name="Set Variable" owner="BuiltIn">
<msg time="2026-03-16T14:49:44.516161" level="INFO">${option} = xpath=//div[contains(@class,'dx-item-content') and contains(.,'Call to Customer')]</msg>
<var>${option}</var>
<arg>xpath=//div[contains(@class,'dx-item-content') and contains(.,'${value}')]</arg>
<doc>Returns the given values which can then be assigned to a variables.</doc>
<status status="PASS" start="2026-03-16T14:49:44.516161" elapsed="0.000000"/>
</kw>
<kw name="Wait Until Element Is Visible" owner="SeleniumLibrary">
<arg>${option}</arg>
<arg>5s</arg>
<doc>Waits until the element ``locator`` is visible.</doc>
<status status="PASS" start="2026-03-16T14:49:44.516161" elapsed="0.636638"/>
</kw>
<kw name="Click Element" owner="SeleniumLibrary">
<msg time="2026-03-16T14:49:45.154190" level="INFO">Clicking element 'xpath=//div[contains(@class,'dx-item-content') and contains(.,'Call to Customer')]'.</msg>
<arg>${option}</arg>
<doc>Click the element identified by ``locator``.</doc>
<status status="PASS" start="2026-03-16T14:49:45.154190" elapsed="0.073612"/>
</kw>
<arg>${Fl_Follow-upChannel}</arg>
<arg>Call to Customer</arg>
<status status="PASS" start="2026-03-16T14:49:44.392878" elapsed="0.834924"/>
</kw>
<kw name="Input Text" owner="SeleniumLibrary">
<msg time="2026-03-16T14:49:45.228765" level="INFO">Typing text 'Other' into text field 'xpath=/html/body/app-root/app-home/div/main/div[1]/div/div/app-prospect-creation-lcv/app-prospect-creation/div/form/mat-tab-group/div/mat-tab-body[4]/div/app-prospect-follow-up/form/div/div/div[1]/div[8]/dx-select-box/div/div/div[1]/input'.</msg>
<arg>${Fl_Follow-upResult}</arg>
<arg>Other</arg>
<doc>Types the given ``text`` into the text field identified by ``locator``.</doc>
<status status="PASS" start="2026-03-16T14:49:45.227802" elapsed="0.094667"/>
</kw>
<kw name="Sleep" owner="BuiltIn">
<msg time="2026-03-16T14:49:46.322917" level="INFO">Slept 1 second.</msg>
<arg>1</arg>
<doc>Pauses the test executed for the given time.</doc>
<status status="PASS" start="2026-03-16T14:49:45.322469" elapsed="1.000448"/>
</kw>
<kw name="Press Keys" owner="SeleniumLibrary">
<msg time="2026-03-16T14:49:46.323941" level="INFO">Sending key(s) ('TAB',) to page.</msg>
<msg time="2026-03-16T14:49:46.323941" level="INFO">Pressing special key TAB to browser.</msg>
<msg time="2026-03-16T14:49:46.323941" level="INFO">Releasing special key TAB.</msg>
<arg>NONE</arg>
<arg>TAB</arg>
<doc>Simulates the user pressing key(s) to an element or on the active browser.</doc>
<status status="PASS" start="2026-03-16T14:49:46.322917" elapsed="0.021311"/>
</kw>
<kw name="Input Text" owner="SeleniumLibrary">
<msg time="2026-03-16T14:49:46.345234" level="INFO">Typing text 'Warm' into text field 'xpath=/html/body/app-root/app-home/div/main/div[1]/div/div/app-prospect-creation-lcv/app-prospect-creation/div/form/mat-tab-group/div/mat-tab-body[4]/div/app-prospect-follow-up/form/div/div/div[2]/div[2]/dx-select-box/div[1]/div/div[1]/input'.</msg>
<arg>${Fl_ProspectClosingProbability}</arg>
<arg>Warm</arg>
<doc>Types the given ``text`` into the text field identified by ``locator``.</doc>
<status status="PASS" start="2026-03-16T14:49:46.344228" elapsed="0.059677"/>
</kw>
<kw name="Sleep" owner="BuiltIn">
<msg time="2026-03-16T14:49:47.405022" level="INFO">Slept 1 second.</msg>
<arg>1</arg>
<doc>Pauses the test executed for the given time.</doc>
<status status="PASS" start="2026-03-16T14:49:46.404906" elapsed="1.000116"/>
</kw>
<kw name="Press Keys" owner="SeleniumLibrary">
<msg time="2026-03-16T14:49:47.406055" level="INFO">Sending key(s) ('TAB',) to page.</msg>
<msg time="2026-03-16T14:49:47.406055" level="INFO">Pressing special key TAB to browser.</msg>
<msg time="2026-03-16T14:49:47.406055" level="INFO">Releasing special key TAB.</msg>
<arg>NONE</arg>
<arg>TAB</arg>
<doc>Simulates the user pressing key(s) to an element or on the active browser.</doc>
<status status="PASS" start="2026-03-16T14:49:47.405022" elapsed="0.034682"/>
</kw>
<kw name="Click Element" owner="SeleniumLibrary">
<msg time="2026-03-16T14:49:47.440705" level="INFO">Clicking element 'xpath=/html/body/app-root/app-home/div/main/div[1]/div/div/div/div/app-screen-operations/p/span/dx-button'.</msg>
<arg>${btn_SavePS}</arg>
<doc>Click the element identified by ``locator``.</doc>
<status status="PASS" start="2026-03-16T14:49:47.439704" elapsed="0.105006"/>
</kw>
<kw name="Wait Until Element Is Visible" owner="SeleniumLibrary">
<arg>${btn_SaveCustomer_Yes}</arg>
<arg>10s</arg>
<doc>Waits until the element ``locator`` is visible.</doc>
<status status="PASS" start="2026-03-16T14:49:47.545705" elapsed="0.856218"/>
</kw>
<kw name="Click Element" owner="SeleniumLibrary">
<msg time="2026-03-16T14:49:48.401923" level="INFO">Clicking element 'xpath=/html/body/div/div/div[2]/div/div[2]/button[1]'.</msg>
<arg>${btn_SaveCustomer_Yes}</arg>
<doc>Click the element identified by ``locator``.</doc>
<status status="PASS" start="2026-03-16T14:49:48.401923" elapsed="0.043756"/>
</kw>
<kw name="Sleep" owner="BuiltIn">
<msg time="2026-03-16T14:49:53.446078" level="INFO">Slept 5 seconds.</msg>
<arg>5</arg>
<doc>Pauses the test executed for the given time.</doc>
<status status="PASS" start="2026-03-16T14:49:48.445679" elapsed="5.000399"/>
</kw>
<kw name="Click Blank Area" owner="keywords">
<kw name="Click Element" owner="SeleniumLibrary">
<msg time="2026-03-16T14:49:53.446078" level="INFO">Clicking element 'xpath=//body'.</msg>
<arg>xpath=//body</arg>
<doc>Click the element identified by ``locator``.</doc>
<status status="PASS" start="2026-03-16T14:49:53.446078" elapsed="0.048334"/>
</kw>
<status status="PASS" start="2026-03-16T14:49:53.446078" elapsed="0.048334"/>
</kw>
<kw name="Wait Until Element Is Not Visible" owner="SeleniumLibrary">
<arg>xpath=//div[contains(@class,'dx-overlay-shader')]</arg>
<arg>10s</arg>
<doc>Waits until the element ``locator`` is not visible.</doc>
<status status="PASS" start="2026-03-16T14:49:53.495418" elapsed="1.344256"/>
</kw>
<kw name="Click Element" owner="SeleniumLibrary">
<msg time="2026-03-16T14:49:54.839674" level="INFO">Clicking element 'xpath=/html/body/app-root/app-home/div/main/div[1]/div/div/app-prospect-creation-lcv/app-prospect-creation/div/form/mat-tab-group/mat-tab-header/div/div/div/div[3]'.</msg>
<arg>${PI_NegotiationModel}</arg>
<doc>Click the element identified by ``locator``.</doc>
<status status="PASS" start="2026-03-16T14:49:54.839674" elapsed="0.090252"/>
</kw>
<kw name="Sleep" owner="BuiltIn">
<msg time="2026-03-16T14:49:55.931145" level="INFO">Slept 1 second.</msg>
<arg>1</arg>
<doc>Pauses the test executed for the given time.</doc>
<status status="PASS" start="2026-03-16T14:49:54.930928" elapsed="1.000217"/>
</kw>
<kw name="Get WebElement" owner="SeleniumLibrary">
<msg time="2026-03-16T14:49:55.956562" level="INFO">${el} = &lt;selenium.webdriver.remote.webelement.WebElement (session="9b6d7fd8dc72270467691bca14007128", element="f.FDB6A8871B3E3E8C9913DE9A48613E39.d.36B6A4C5EC0D6B68A1706EF224AC854A.e.899")&gt;</msg>
<var>${el}</var>
<arg>${Ng_Checkbox_GenerateBooking}</arg>
<doc>Returns the first WebElement matching the given ``locator``.</doc>
<status status="PASS" start="2026-03-16T14:49:55.932179" elapsed="0.024383"/>
</kw>
<kw name="Execute Javascript" owner="SeleniumLibrary">
<msg time="2026-03-16T14:49:55.957565" level="INFO">Executing JavaScript:
arguments[0].click();
By using argument:
'&lt;selenium.webdriver.remote.webelement.WebElement (session="9b6d7fd8dc72270467691bca14007128", element="f.FDB6A8871B3E3E8C9913DE9A48613E39.d.36B6A4C5EC0D6B68A1706EF224AC854A.e.899")&gt;'</msg>
<arg>arguments[0].click();</arg>
<arg>ARGUMENTS</arg>
<arg>${el}</arg>
<doc>Executes the given JavaScript code with possible arguments.</doc>
<status status="PASS" start="2026-03-16T14:49:55.957565" elapsed="0.029869"/>
</kw>
<kw name="Get Current Date" owner="DateTime">
<msg time="2026-03-16T14:49:55.987434" level="INFO">${today} = 16/03/2026</msg>
<var>${today}</var>
<arg>result_format=%d/%m/%Y</arg>
<doc>Returns current local or UTC time with an optional increment.</doc>
<status status="PASS" start="2026-03-16T14:49:55.987434" elapsed="0.000000"/>
</kw>
<kw name="Input Text" owner="SeleniumLibrary">
<msg time="2026-03-16T14:49:55.987434" level="INFO">Typing text '16/03/2026' into text field 'xpath=/html/body/app-root/app-home/div/main/div[1]/div/div/app-prospect-creation-lcv/app-prospect-creation/div/form/mat-tab-group/div/mat-tab-body[3]/div/app-prospect-negotiation/form/div/div/div[41]/div[1]/dx-date-box/div/div/div[1]/input'.</msg>
<arg>${Ng_BookingDate}</arg>
<arg>${today}</arg>
<doc>Types the given ``text`` into the text field identified by ``locator``.</doc>
<status status="PASS" start="2026-03-16T14:49:55.987434" elapsed="0.100408"/>
</kw>
<kw name="Press Keys" owner="SeleniumLibrary">
<msg time="2026-03-16T14:49:56.088852" level="INFO">Sending key(s) ('TAB',) to page.</msg>
<msg time="2026-03-16T14:49:56.088852" level="INFO">Pressing special key TAB to browser.</msg>
<msg time="2026-03-16T14:49:56.088852" level="INFO">Releasing special key TAB.</msg>
<arg>NONE</arg>
<arg>TAB</arg>
<doc>Simulates the user pressing key(s) to an element or on the active browser.</doc>
<status status="PASS" start="2026-03-16T14:49:56.087842" elapsed="0.023031"/>
</kw>
<kw name="Input Text" owner="SeleniumLibrary">
<msg time="2026-03-16T14:49:56.110873" level="INFO">Typing text '30/12/2026' into text field 'xpath=/html/body/app-root/app-home/div/main/div[1]/div/div/app-prospect-creation-lcv/app-prospect-creation/div/form/mat-tab-group/div/mat-tab-body[3]/div/app-prospect-negotiation/form/div/div/div[41]/div[2]/dx-date-box/div/div/div[1]/input'.</msg>
<arg>${Ng_EstimateDeliveryDate}</arg>
<arg>30/12/2026</arg>
<doc>Types the given ``text`` into the text field identified by ``locator``.</doc>
<status status="PASS" start="2026-03-16T14:49:56.110873" elapsed="0.091741"/>
</kw>
<kw name="Press Keys" owner="SeleniumLibrary">
<msg time="2026-03-16T14:49:56.202614" level="INFO">Sending key(s) ('TAB',) to page.</msg>
<msg time="2026-03-16T14:49:56.203614" level="INFO">Pressing special key TAB to browser.</msg>
<msg time="2026-03-16T14:49:56.203614" level="INFO">Releasing special key TAB.</msg>
<arg>NONE</arg>
<arg>TAB</arg>
<doc>Simulates the user pressing key(s) to an element or on the active browser.</doc>
<status status="PASS" start="2026-03-16T14:49:56.202614" elapsed="0.017019"/>
</kw>
<kw name="Click Element" owner="SeleniumLibrary">
<msg time="2026-03-16T14:49:56.219633" level="INFO">Clicking element 'xpath=/html/body/app-root/app-home/div/main/div[1]/div/div/div/div/app-screen-operations/p/span/dx-button'.</msg>
<arg>${btn_SavePS}</arg>
<doc>Click the element identified by ``locator``.</doc>
<status status="PASS" start="2026-03-16T14:49:56.219633" elapsed="0.114861"/>
</kw>
<kw name="Wait Until Element Is Visible" owner="SeleniumLibrary">
<arg>${btn_SaveCustomer_Yes}</arg>
<arg>10s</arg>
<doc>Waits until the element ``locator`` is visible.</doc>
<status status="PASS" start="2026-03-16T14:49:56.335496" elapsed="0.012273"/>
</kw>
<kw name="Click Element" owner="SeleniumLibrary">
<msg time="2026-03-16T14:49:56.347769" level="INFO">Clicking element 'xpath=/html/body/div/div/div[2]/div/div[2]/button[1]'.</msg>
<arg>${btn_SaveCustomer_Yes}</arg>
<doc>Click the element identified by ``locator``.</doc>
<status status="PASS" start="2026-03-16T14:49:56.347769" elapsed="0.047790"/>
</kw>
<kw name="Sleep" owner="BuiltIn">
<msg time="2026-03-16T14:50:06.396852" level="INFO">Slept 10 seconds.</msg>
<arg>10</arg>
<doc>Pauses the test executed for the given time.</doc>
<status status="PASS" start="2026-03-16T14:49:56.395559" elapsed="10.001293"/>
</kw>
<status status="PASS" start="2026-03-16T14:49:20.968959" elapsed="45.427893"/>
</kw>
<status status="PASS" start="2026-03-16T14:49:20.966422" elapsed="45.430937"/>
</test>
<kw name="Close Browser" owner="SeleniumLibrary" type="TEARDOWN">
<doc>Closes the current browser.</doc>
<status status="PASS" start="2026-03-16T14:50:06.398364" elapsed="4.252169"/>
</kw>
<status status="PASS" start="2026-03-16T14:48:37.441657" elapsed="93.208876"/>
</suite>
<statistics>
<total>
<stat pass="8" fail="0" skip="0">All Tests</stat>
</total>
<tag>
</tag>
<suite>
<stat pass="8" fail="0" skip="0" id="s1" name="CreateNewCustomer Ind test">CreateNewCustomer Ind test</stat>
</suite>
</statistics>
<errors>
<msg time="2026-03-16T14:48:37.843887" level="WARN">Error in file 'D:\Kaiwan H (Guy) - BackUp\Kaiwan H (Guy) - BackUp\Automated\AutoEasy_Robot_Preprod\resources\keywords.robot' on line 38: The '[Return]' setting is deprecated. Use the 'RETURN' statement instead.</msg>
<msg time="2026-03-16T14:48:37.843887" level="WARN">Error in file 'D:\Kaiwan H (Guy) - BackUp\Kaiwan H (Guy) - BackUp\Automated\AutoEasy_Robot_Preprod\resources\keywords.robot' on line 44: The '[Return]' setting is deprecated. Use the 'RETURN' statement instead.</msg>
<msg time="2026-03-16T14:48:37.844887" level="WARN">Error in file 'D:\Kaiwan H (Guy) - BackUp\Kaiwan H (Guy) - BackUp\Automated\AutoEasy_Robot_Preprod\resources\keywords.robot' on line 90: The '[Return]' setting is deprecated. Use the 'RETURN' statement instead.</msg>
</errors>
</robot>
